[debug] [2022-04-19T01:11:20.985Z] ----------------------------------------------------------------------
[debug] [2022-04-19T01:11:20.987Z] Command:       E:\NodeJs\node.exe C:\Users\Righteous\AppData\Roaming\npm\node_modules\firebase-tools\lib\bin\firebase.js emulators:start --only functions
[debug] [2022-04-19T01:11:20.988Z] CLI Version:   10.2.1
[debug] [2022-04-19T01:11:20.988Z] Platform:      win32
[debug] [2022-04-19T01:11:20.988Z] Node Version:  v14.17.3
[debug] [2022-04-19T01:11:20.991Z] Time:          Tue Apr 19 2022 10:11:20 GMT+0900 (대한민국 표준시)
[debug] [2022-04-19T01:11:20.991Z] ----------------------------------------------------------------------
[debug] 
[debug] [2022-04-19T01:11:21.005Z] >>> [apiv2][query] GET https://firebase-public.firebaseio.com/cli.json [none]
[debug] [2022-04-19T01:11:21.166Z] > command requires scopes: ["email","openid","https://www.googleapis.com/auth/cloudplatformprojects.readonly","https://www.googleapis.com/auth/firebase","https://www.googleapis.com/auth/cloud-platform"]
[debug] [2022-04-19T01:11:21.167Z] > authorizing via signed-in user (revive0405@gmail.com)
[info] i  emulators: Starting emulators: functions {"metadata":{"emulator":{"name":"hub"},"message":"Starting emulators: functions"}}
[warn] !  emulators: It seems that you are running multiple instances of the emulator suite for project twitchhotclip. This may result in unexpected behavior. 
[debug] [2022-04-19T01:11:21.200Z] [hub] writing locator at C:\Users\RIGHTE~1\AppData\Local\Temp\hub-twitchhotclip.json
[warn] !  functions: The following emulators are not running, calls to these services from the Functions emulator will affect production: auth, firestore, database, hosting, pubsub, storage {"metadata":{"emulator":{"name":"functions"},"message":"The following emulators are not running, calls to these services from the Functions emulator will affect production: \u001b[1mauth, firestore, database, hosting, pubsub, storage\u001b[22m"}}
[info] +  functions: Using node@14 from host. {"metadata":{"emulator":{"name":"functions"},"message":"Using node@14 from host."}}
[debug] [2022-04-19T01:11:21.241Z] defaultcredentials: writing to file C:\Users\Righteous\AppData\Roaming\firebase\revive0405_gmail_com_application_default_credentials.json
[debug] [2022-04-19T01:11:21.243Z] Setting GAC to C:\Users\Righteous\AppData\Roaming\firebase\revive0405_gmail_com_application_default_credentials.json {"metadata":{"emulator":{"name":"functions"},"message":"Setting GAC to C:\\Users\\Righteous\\AppData\\Roaming\\firebase\\revive0405_gmail_com_application_default_credentials.json"}}
[debug] [2022-04-19T01:11:21.244Z] > refreshing access token with scopes: []
[debug] [2022-04-19T01:11:21.245Z] >>> HTTP REQUEST POST https://www.googleapis.com/oauth2/v3/token  
 <request body omitted>
[debug] [2022-04-19T01:11:21.432Z] <<< HTTP RESPONSE 200 {"cache-control":"no-cache, no-store, max-age=0, must-revalidate","date":"Tue, 19 Apr 2022 01:11:23 GMT","expires":"Mon, 01 Jan 1990 00:00:00 GMT","pragma":"no-cache","content-type":"application/json; charset=utf-8","vary":"X-Origin, Referer, Origin,Accept-Encoding","server":"scaffolding on HTTPServer2","x-xss-protection":"0","x-frame-options":"SAMEORIGIN","x-content-type-options":"nosniff","alt-svc":"h3=\":443\"; ma=2592000,h3-29=\":443\"; ma=2592000,h3-Q050=\":443\"; ma=2592000,h3-Q046=\":443\"; ma=2592000,h3-Q043=\":443\"; ma=2592000,quic=\":443\"; ma=2592000; v=\"46,43\"","accept-ranges":"none","transfer-encoding":"chunked"}
[debug] [2022-04-19T01:11:21.467Z] >>> [apiv2][query] GET https://firebase.googleapis.com/v1beta1/projects/twitchhotclip/adminSdkConfig [none]
[debug] [2022-04-19T01:11:21.677Z] <<< [apiv2][status] GET https://firebase-public.firebaseio.com/cli.json 200
[debug] [2022-04-19T01:11:21.677Z] <<< [apiv2][body] GET https://firebase-public.firebaseio.com/cli.json {"cloudBuildErrorAfter":1594252800000,"cloudBuildWarnAfter":1590019200000,"defaultNode10After":1594252800000,"minVersion":"3.0.5","node8DeploysDisabledAfter":1613390400000,"node8RuntimeDisabledAfter":1615809600000,"node8WarnAfter":1600128000000}
[debug] [2022-04-19T01:11:21.854Z] <<< [apiv2][status] GET https://firebase.googleapis.com/v1beta1/projects/twitchhotclip/adminSdkConfig 200
[debug] [2022-04-19T01:11:21.854Z] <<< [apiv2][body] GET https://firebase.googleapis.com/v1beta1/projects/twitchhotclip/adminSdkConfig {"projectId":"twitchhotclip","databaseURL":"https://twitchhotclip-default-rtdb.asia-southeast1.firebasedatabase.app","storageBucket":"twitchhotclip.appspot.com","locationId":"asia-northeast3"}
[debug] [2022-04-19T01:11:21.879Z] Ignoring unsupported arg: auto_download {"metadata":{"emulator":{"name":"ui"},"message":"Ignoring unsupported arg: auto_download"}}
[debug] [2022-04-19T01:11:21.880Z] Ignoring unsupported arg: port {"metadata":{"emulator":{"name":"ui"},"message":"Ignoring unsupported arg: port"}}
[debug] [2022-04-19T01:11:21.880Z] Starting Emulator UI with command {"binary":"node","args":["C:\\Users\\Righteous\\.cache\\firebase\\emulators\\ui-v1.6.5\\server.bundle.js"],"optionalArgs":[],"joinArgs":false} {"metadata":{"emulator":{"name":"ui"},"message":"Starting Emulator UI with command {\"binary\":\"node\",\"args\":[\"C:\\\\Users\\\\Righteous\\\\.cache\\\\firebase\\\\emulators\\\\ui-v1.6.5\\\\server.bundle.js\"],\"optionalArgs\":[],\"joinArgs\":false}"}}
[info] i  ui: Emulator UI logging to ui-debug.log {"metadata":{"emulator":{"name":"ui"},"message":"Emulator UI logging to \u001b[1mui-debug.log\u001b[22m"}}
[debug] [2022-04-19T01:11:22.355Z] Web / API server started at localhost:4000
 {"metadata":{"emulator":{"name":"ui"},"message":"Web / API server started at localhost:4000\n"}}
[info] i  functions: Watching "E:\Vue_Project\twitch-hot-clip-tracker\functions" for Cloud Functions... {"metadata":{"emulator":{"name":"functions"},"message":"Watching \"E:\\Vue_Project\\twitch-hot-clip-tracker\\functions\" for Cloud Functions..."}}
[debug] [2022-04-19T01:11:22.440Z] Validating nodejs source
[debug] [2022-04-19T01:11:48.566Z] > [functions] package.json contents: {
  "name": "functions",
  "description": "Cloud Functions for Firebase",
  "scripts": {
    "serve": "firebase emulators:start --only functions",
    "shell": "firebase functions:shell",
    "start": "npm run shell",
    "deploy": "firebase deploy --only functions",
    "logs": "firebase functions:log"
  },
  "engines": {
    "node": "14"
  },
  "main": "index.js",
  "dependencies": {
    "axios": "^0.26.1",
    "firebase-admin": "^9.8.0",
    "firebase-functions": "^3.20.1"
  },
  "devDependencies": {
    "firebase-functions-test": "^0.2.0"
  },
  "private": true
}
[debug] [2022-04-19T01:11:48.567Z] Building nodejs source
[debug] [2022-04-19T01:11:48.567Z] Analyzing nodejs backend spec
[info] +  functions[asia-northeast3-twitchAuth]: http function initialized (http://localhost:5001/twitchhotclip/asia-northeast3/twitchAuth). {"metadata":{"emulator":{"name":"functions"},"message":"\u001b[1mhttp\u001b[22m function initialized (http://localhost:5001/twitchhotclip/asia-northeast3/twitchAuth)."}}
[debug] [2022-04-19T01:11:56.415Z] addAuthTrigger {"eventTrigger":{"eventType":"providers/firebase.auth/eventTypes/user.delete","resource":"projects/twitchhotclip"}}
[info] +  functions[asia-southeast1-deleteUser]: auth function initialized. {"metadata":{"emulator":{"name":"functions"},"message":"\u001b[1mauth\u001b[22m function initialized."}}
[info] 
┌─────────────────────────────────────────────────────────────┐
│ ✔  All emulators ready! It is now safe to connect your app. │
│ i  View Emulator UI at http://localhost:4000                │
└─────────────────────────────────────────────────────────────┘

┌───────────┬────────────────┬─────────────────────────────────┐
│ Emulator  │ Host:Port      │ View in Emulator UI             │
├───────────┼────────────────┼─────────────────────────────────┤
│ Functions │ localhost:5001 │ http://localhost:4000/functions │
└───────────┴────────────────┴─────────────────────────────────┘
  Emulator Hub running at localhost:4400
  Other reserved ports: 4500

Issues? Report them at https://github.com/firebase/firebase-tools/issues and attach the *-debug.log files.
 
[debug] [2022-04-19T02:00:53.891Z] [work-queue] {"queueLength":1,"workRunningCount":0}
[debug] [2022-04-19T02:00:53.892Z] [work-queue] {"queueLength":0,"workRunningCount":1}
[debug] [2022-04-19T02:00:53.893Z] Accepted request GET /twitchhotclip/asia-northeast3/twitchAuth/signin/twitch/callback?code=ppkb910b98mi7iihp3y8mzwzor7czl&scope=openid+user%3Aread%3Aemail&state=47a401377f94b618742ee0615a91428a --> asia-northeast3-twitchAuth
[info] i  functions: Loaded environment variables from .env. 
[debug] [2022-04-19T02:00:53.929Z] [worker-pool] addWorker(asia-northeast3-twitchAuth) {"metadata":{"emulator":{"name":"functions"},"message":"[worker-pool] addWorker(asia-northeast3-twitchAuth)"}}
[debug] [2022-04-19T02:00:53.929Z] [worker-pool] Adding worker with key asia-northeast3-twitchAuth, total=1 {"metadata":{"emulator":{"name":"functions"},"message":"[worker-pool] Adding worker with key asia-northeast3-twitchAuth, total=1"}}
[debug] [2022-04-19T02:00:53.930Z] [worker-pool] submitWork(triggerId=asia-northeast3-twitchAuth) {"metadata":{"emulator":{"name":"functions"},"message":"[worker-pool] submitWork(triggerId=asia-northeast3-twitchAuth)"}}
[debug] [2022-04-19T02:00:53.930Z] [worker-asia-northeast3-twitchAuth-f2b0055c-ed8c-41ac-addf-b9110eaa55cc]: Assigning socketPath: \\?\pipe\E:\Vue_Project\twitch-hot-clip-tracker\functions\19208 {"metadata":{"emulator":{"name":"functions"},"message":"[worker-asia-northeast3-twitchAuth-f2b0055c-ed8c-41ac-addf-b9110eaa55cc]: Assigning socketPath: \\\\?\\pipe\\E:\\Vue_Project\\twitch-hot-clip-tracker\\functions\\19208"}}
[debug] [2022-04-19T02:00:53.931Z] [worker-asia-northeast3-twitchAuth-f2b0055c-ed8c-41ac-addf-b9110eaa55cc]: BUSY {"metadata":{"emulator":{"name":"functions"},"message":"[worker-asia-northeast3-twitchAuth-f2b0055c-ed8c-41ac-addf-b9110eaa55cc]: BUSY"}}
[debug] [2022-04-19T02:00:57.214Z] [runtime-status] [19208] Functions runtime initialized. {"cwd":"E:\\Vue_Project\\twitch-hot-clip-tracker\\functions","node_version":"14.17.3"} {"metadata":{"emulator":{"name":"functions"},"function":{"name":"asia-northeast3-twitchAuth"},"message":"[runtime-status] [19208] Functions runtime initialized. {\"cwd\":\"E:\\\\Vue_Project\\\\twitch-hot-clip-tracker\\\\functions\",\"node_version\":\"14.17.3\"}"}}
[debug] [2022-04-19T02:00:57.216Z] [runtime-status] [19208] Disabled runtime features: undefined {"metadata":{"emulator":{"name":"functions"},"function":{"name":"asia-northeast3-twitchAuth"},"message":"[runtime-status] [19208] Disabled runtime features: undefined"}}
[debug] [2022-04-19T02:00:57.221Z] [runtime-status] [19208] Resolved module firebase-admin {"declared":true,"installed":true,"version":"9.12.0","resolution":"E:\\Vue_Project\\twitch-hot-clip-tracker\\functions\\node_modules\\firebase-admin\\lib\\index.js"} {"metadata":{"emulator":{"name":"functions"},"function":{"name":"asia-northeast3-twitchAuth"},"message":"[runtime-status] [19208] Resolved module firebase-admin {\"declared\":true,\"installed\":true,\"version\":\"9.12.0\",\"resolution\":\"E:\\\\Vue_Project\\\\twitch-hot-clip-tracker\\\\functions\\\\node_modules\\\\firebase-admin\\\\lib\\\\index.js\"}"}}
[debug] [2022-04-19T02:00:57.223Z] [runtime-status] [19208] Resolved module firebase-functions {"declared":true,"installed":true,"version":"3.20.1","resolution":"E:\\Vue_Project\\twitch-hot-clip-tracker\\functions\\node_modules\\firebase-functions\\lib\\index.js"} {"metadata":{"emulator":{"name":"functions"},"function":{"name":"asia-northeast3-twitchAuth"},"message":"[runtime-status] [19208] Resolved module firebase-functions {\"declared\":true,\"installed\":true,\"version\":\"3.20.1\",\"resolution\":\"E:\\\\Vue_Project\\\\twitch-hot-clip-tracker\\\\functions\\\\node_modules\\\\firebase-functions\\\\lib\\\\index.js\"}"}}
[debug] [2022-04-19T02:00:57.225Z] [runtime-status] [19208] Outgoing network have been stubbed. [{"name":"http","status":"mocked"},{"name":"http","status":"mocked"},{"name":"https","status":"mocked"},{"name":"https","status":"mocked"},{"name":"net","status":"mocked"}] {"metadata":{"emulator":{"name":"functions"},"function":{"name":"asia-northeast3-twitchAuth"},"message":"[runtime-status] [19208] Outgoing network have been stubbed. [{\"name\":\"http\",\"status\":\"mocked\"},{\"name\":\"http\",\"status\":\"mocked\"},{\"name\":\"https\",\"status\":\"mocked\"},{\"name\":\"https\",\"status\":\"mocked\"},{\"name\":\"net\",\"status\":\"mocked\"}]"}}
[debug] [2022-04-19T02:00:57.228Z] [runtime-status] [19208] Resolved module firebase-functions {"declared":true,"installed":true,"version":"3.20.1","resolution":"E:\\Vue_Project\\twitch-hot-clip-tracker\\functions\\node_modules\\firebase-functions\\lib\\index.js"} {"metadata":{"emulator":{"name":"functions"},"function":{"name":"asia-northeast3-twitchAuth"},"message":"[runtime-status] [19208] Resolved module firebase-functions {\"declared\":true,\"installed\":true,\"version\":\"3.20.1\",\"resolution\":\"E:\\\\Vue_Project\\\\twitch-hot-clip-tracker\\\\functions\\\\node_modules\\\\firebase-functions\\\\lib\\\\index.js\"}"}}
[debug] [2022-04-19T02:00:57.440Z] [runtime-status] [19208] Checked functions.config() {"config":{}} {"metadata":{"emulator":{"name":"functions"},"function":{"name":"asia-northeast3-twitchAuth"},"message":"[runtime-status] [19208] Checked functions.config() {\"config\":{}}"}}
[debug] [2022-04-19T02:00:57.441Z] [runtime-status] [19208] firebase-functions has been stubbed. {"functionsResolution":{"declared":true,"installed":true,"version":"3.20.1","resolution":"E:\\Vue_Project\\twitch-hot-clip-tracker\\functions\\node_modules\\firebase-functions\\lib\\index.js"}} {"metadata":{"emulator":{"name":"functions"},"function":{"name":"asia-northeast3-twitchAuth"},"message":"[runtime-status] [19208] firebase-functions has been stubbed. {\"functionsResolution\":{\"declared\":true,\"installed\":true,\"version\":\"3.20.1\",\"resolution\":\"E:\\\\Vue_Project\\\\twitch-hot-clip-tracker\\\\functions\\\\node_modules\\\\firebase-functions\\\\lib\\\\index.js\"}}"}}
[debug] [2022-04-19T02:00:57.446Z] [runtime-status] [19208] Resolved module firebase-functions {"declared":true,"installed":true,"version":"3.20.1","resolution":"E:\\Vue_Project\\twitch-hot-clip-tracker\\functions\\node_modules\\firebase-functions\\lib\\index.js"} {"metadata":{"emulator":{"name":"functions"},"function":{"name":"asia-northeast3-twitchAuth"},"message":"[runtime-status] [19208] Resolved module firebase-functions {\"declared\":true,\"installed\":true,\"version\":\"3.20.1\",\"resolution\":\"E:\\\\Vue_Project\\\\twitch-hot-clip-tracker\\\\functions\\\\node_modules\\\\firebase-functions\\\\lib\\\\index.js\"}"}}
[debug] [2022-04-19T02:00:57.450Z] [runtime-status] [19208] Resolved module firebase-admin {"declared":true,"installed":true,"version":"9.12.0","resolution":"E:\\Vue_Project\\twitch-hot-clip-tracker\\functions\\node_modules\\firebase-admin\\lib\\index.js"} {"metadata":{"emulator":{"name":"functions"},"function":{"name":"asia-northeast3-twitchAuth"},"message":"[runtime-status] [19208] Resolved module firebase-admin {\"declared\":true,\"installed\":true,\"version\":\"9.12.0\",\"resolution\":\"E:\\\\Vue_Project\\\\twitch-hot-clip-tracker\\\\functions\\\\node_modules\\\\firebase-admin\\\\lib\\\\index.js\"}"}}
[debug] [2022-04-19T02:00:57.451Z] [runtime-status] [19208] Resolved module firebase-functions {"declared":true,"installed":true,"version":"3.20.1","resolution":"E:\\Vue_Project\\twitch-hot-clip-tracker\\functions\\node_modules\\firebase-functions\\lib\\index.js"} {"metadata":{"emulator":{"name":"functions"},"function":{"name":"asia-northeast3-twitchAuth"},"message":"[runtime-status] [19208] Resolved module firebase-functions {\"declared\":true,\"installed\":true,\"version\":\"3.20.1\",\"resolution\":\"E:\\\\Vue_Project\\\\twitch-hot-clip-tracker\\\\functions\\\\node_modules\\\\firebase-functions\\\\lib\\\\index.js\"}"}}
[debug] [2022-04-19T02:00:57.452Z] [runtime-status] [19208] firebase-admin has been stubbed. {"adminResolution":{"declared":true,"installed":true,"version":"9.12.0","resolution":"E:\\Vue_Project\\twitch-hot-clip-tracker\\functions\\node_modules\\firebase-admin\\lib\\index.js"}} {"metadata":{"emulator":{"name":"functions"},"function":{"name":"asia-northeast3-twitchAuth"},"message":"[runtime-status] [19208] firebase-admin has been stubbed. {\"adminResolution\":{\"declared\":true,\"installed\":true,\"version\":\"9.12.0\",\"resolution\":\"E:\\\\Vue_Project\\\\twitch-hot-clip-tracker\\\\functions\\\\node_modules\\\\firebase-admin\\\\lib\\\\index.js\"}}"}}
[debug] [2022-04-19T02:00:57.566Z] [runtime-status] [19208] initializeApp(DEFAULT) {"credential":{"implicit":false,"projectId":"twitchhotclip","privateKey":"-----BEGIN PRIVATE KEY-----\nMIIEvgIBADANBgkqhkiG9w0BAQEFAASCBKgwggSkAgEAAoIBAQDcQrH3nHoLHqZ7\nNlphdsanp2VLGe22c7lSn513koKUw+WkZ8ALrbw9RWNYrAdVbFnP3AjaCQC1yk55\njgqKbNMgFAdI5RHUGozVEskbaBQoKk1wVL+FrlOgtWy52hkpCjhQh1VD931paRFY\n0ThEnImS+i+7TtaksdCFTUzPXhhwpLVYz+hdeM2KjIlc9TBvJt8lyOBLYZz9cfi6\n5qdBKhofXufoEgAtrMrU82B6YP1aip6bSqUwLzf566P5b9do1Y7PH9RgMikszjhp\n7tlWcVrH8XhE0+X4O4S7GYG7nRXi5ouZ/rXHwlJoKvl7OU1UurfGNe1PRNftrQeB\nSAtuhAaHAgMBAAECggEAFnNV4H86kVeWcIihvb11kjElyfnimO5CvYE3c7CjTraI\n+bD5ijczMKuZ7LfcJ4DbxqwO2uqAAAeW6BzqRiHBg0uHUo7Gum/aWv2HMhvxsgZd\nzk1VGDMkowTbCDaKyfwYsVyZ/EuFpPDoq7znl1a9TxXhN55Zkn/tWSj/40McCp8O\nv5Z63fja5iDiKv37KPa3WTLAt58Ix6vY45Ets15nBU8gpKKbOvcQD87o8eG7kT8T\nHr37A+fEtjc58+p3wbv6I4gdtV51e1i3JVb38nhde3Ap8+cbHYax+NDN9aWfAcJI\n53SZ7RW/yLrJ4nfwUZmkWi0vVkrC5M9NCCUTmCZ5gQKBgQD7sFOP0nLBdABAXCAK\noPhfvc1H58ykoaA2bTk2y1sL/EcV7dVtJHeZgJGKkFVzdZ7WY521XlQ7NNoOilgm\n26zfArpAcgIHDZP0dOeUs2eyYA1pZGKrkYdxniNO8y/OzIWNitVwujGW6XAghqky\ngX0Dj1f88DrjjBK+VAtX9mWDeQKBgQDgCI26LHPFnLAk++vn6lDSzRNvhZ9g9FKB\nBdtg9OKV0BQ4O7i/Rwzp8CrtfbehsZ6pVfxGgvS3jvVfDDPBQKz72czZnzxJmjzt\n4XqmE4sKD68eW1fRrXShY17Kmk023LDo1onKqQRvhRHRZVElzaW3IkRH6/0IU2pj\nQgEUdPlZ/wKBgHX2QnPZ8qbws1120B2rLD3TO29EGQngJrLbpkEkNlv7tWV1vt4U\nhWmQdKY415PxwKxCrBvhRiEpuDmwZXhw5SjwolKqHIEpv/qHADMVkrhrhF2tCwHW\nh2Cc+Xd7SyDlgoLAWyEmYy+T4VWdR5fAUNNmT5rhDPixIefKhDaJ6TIhAoGBAKy+\nS7Hi9r3HzJYn3cWsCfgRAsx6BuN2YGt1/assB86mbADUI+bxPQbhFeibiE1YLNO7\nJlOkRFeJFq/cM8fuO7PSQ78FpjHGiPaPZsfJx+rRHyFUI0nc6lJK0dt80M7dqldO\nnV6zpmTrAUspSUHR6NZlyKqAT1HtJ9ozGawRafc3AoGBAMKunDYTQPKb8fZepya+\nTlY38Mfa5BIk99DN/Vtt4FvNoJZ6P54YbnupbJjZu2AjfttMxDXL3rSoUkWKDcwV\nNYZGs61gMykc5mEFyQLij5hxhDPC7qgbPBaeLfJ5PqngAmy5LfpSlUP+QCkz8tpM\nQb8g9b/O2aOMcYfBz25C6E77\n-----END PRIVATE KEY-----\n","clientEmail":"firebase-adminsdk-2ku0j@twitchhotclip.iam.gserviceaccount.com","httpClient":{"retry":{"maxRetries":4,"statusCodes":[503],"ioErrorCodes":["ECONNRESET","ETIMEDOUT"],"backOffFactor":0.5,"maxDelayInMillis":60000}}},"databaseURL":"https://twitchhotclip-default-rtdb.asia-southeast1.firebasedatabase.app"} {"metadata":{"emulator":{"name":"functions"},"function":{"name":"asia-northeast3-twitchAuth"},"message":"[runtime-status] [19208] initializeApp(DEFAULT) {\"credential\":{\"implicit\":false,\"projectId\":\"twitchhotclip\",\"privateKey\":\"-----BEGIN PRIVATE KEY-----\\nMIIEvgIBADANBgkqhkiG9w0BAQEFAASCBKgwggSkAgEAAoIBAQDcQrH3nHoLHqZ7\\nNlphdsanp2VLGe22c7lSn513koKUw+WkZ8ALrbw9RWNYrAdVbFnP3AjaCQC1yk55\\njgqKbNMgFAdI5RHUGozVEskbaBQoKk1wVL+FrlOgtWy52hkpCjhQh1VD931paRFY\\n0ThEnImS+i+7TtaksdCFTUzPXhhwpLVYz+hdeM2KjIlc9TBvJt8lyOBLYZz9cfi6\\n5qdBKhofXufoEgAtrMrU82B6YP1aip6bSqUwLzf566P5b9do1Y7PH9RgMikszjhp\\n7tlWcVrH8XhE0+X4O4S7GYG7nRXi5ouZ/rXHwlJoKvl7OU1UurfGNe1PRNftrQeB\\nSAtuhAaHAgMBAAECggEAFnNV4H86kVeWcIihvb11kjElyfnimO5CvYE3c7CjTraI\\n+bD5ijczMKuZ7LfcJ4DbxqwO2uqAAAeW6BzqRiHBg0uHUo7Gum/aWv2HMhvxsgZd\\nzk1VGDMkowTbCDaKyfwYsVyZ/EuFpPDoq7znl1a9TxXhN55Zkn/tWSj/40McCp8O\\nv5Z63fja5iDiKv37KPa3WTLAt58Ix6vY45Ets15nBU8gpKKbOvcQD87o8eG7kT8T\\nHr37A+fEtjc58+p3wbv6I4gdtV51e1i3JVb38nhde3Ap8+cbHYax+NDN9aWfAcJI\\n53SZ7RW/yLrJ4nfwUZmkWi0vVkrC5M9NCCUTmCZ5gQKBgQD7sFOP0nLBdABAXCAK\\noPhfvc1H58ykoaA2bTk2y1sL/EcV7dVtJHeZgJGKkFVzdZ7WY521XlQ7NNoOilgm\\n26zfArpAcgIHDZP0dOeUs2eyYA1pZGKrkYdxniNO8y/OzIWNitVwujGW6XAghqky\\ngX0Dj1f88DrjjBK+VAtX9mWDeQKBgQDgCI26LHPFnLAk++vn6lDSzRNvhZ9g9FKB\\nBdtg9OKV0BQ4O7i/Rwzp8CrtfbehsZ6pVfxGgvS3jvVfDDPBQKz72czZnzxJmjzt\\n4XqmE4sKD68eW1fRrXShY17Kmk023LDo1onKqQRvhRHRZVElzaW3IkRH6/0IU2pj\\nQgEUdPlZ/wKBgHX2QnPZ8qbws1120B2rLD3TO29EGQngJrLbpkEkNlv7tWV1vt4U\\nhWmQdKY415PxwKxCrBvhRiEpuDmwZXhw5SjwolKqHIEpv/qHADMVkrhrhF2tCwHW\\nh2Cc+Xd7SyDlgoLAWyEmYy+T4VWdR5fAUNNmT5rhDPixIefKhDaJ6TIhAoGBAKy+\\nS7Hi9r3HzJYn3cWsCfgRAsx6BuN2YGt1/assB86mbADUI+bxPQbhFeibiE1YLNO7\\nJlOkRFeJFq/cM8fuO7PSQ78FpjHGiPaPZsfJx+rRHyFUI0nc6lJK0dt80M7dqldO\\nnV6zpmTrAUspSUHR6NZlyKqAT1HtJ9ozGawRafc3AoGBAMKunDYTQPKb8fZepya+\\nTlY38Mfa5BIk99DN/Vtt4FvNoJZ6P54YbnupbJjZu2AjfttMxDXL3rSoUkWKDcwV\\nNYZGs61gMykc5mEFyQLij5hxhDPC7qgbPBaeLfJ5PqngAmy5LfpSlUP+QCkz8tpM\\nQb8g9b/O2aOMcYfBz25C6E77\\n-----END PRIVATE KEY-----\\n\",\"clientEmail\":\"firebase-adminsdk-2ku0j@twitchhotclip.iam.gserviceaccount.com\",\"httpClient\":{\"retry\":{\"maxRetries\":4,\"statusCodes\":[503],\"ioErrorCodes\":[\"ECONNRESET\",\"ETIMEDOUT\"],\"backOffFactor\":0.5,\"maxDelayInMillis\":60000}}},\"databaseURL\":\"https://twitchhotclip-default-rtdb.asia-southeast1.firebasedatabase.app\"}"}}
[warn] !  functions: The Realtime Database emulator is not running, so calls to Realtime Database will affect production. {"metadata":{"emulator":{"name":"functions"},"function":{"name":"asia-northeast3-twitchAuth"},"message":"The Realtime Database emulator is not running, so calls to Realtime Database will affect production."}}
[debug] [2022-04-19T02:00:58.057Z] [runtime-status] [19208] Beginning invocation function twitchAuth! {"metadata":{"emulator":{"name":"functions"},"function":{"name":"asia-northeast3-twitchAuth"},"message":"[runtime-status] [19208] Beginning invocation function twitchAuth!"}}
[info] i  functions: Beginning execution of "twitchAuth" {"metadata":{"emulator":{"name":"functions"},"function":{"name":"asia-northeast3-twitchAuth"},"message":"Beginning execution of \"twitchAuth\""}}
[debug] [2022-04-19T02:00:58.061Z] [runtime-status] [19208] Running twitchAuth in signature http {"metadata":{"emulator":{"name":"functions"},"function":{"name":"asia-northeast3-twitchAuth"},"message":"[runtime-status] [19208] Running twitchAuth in signature http"}}
[debug] [2022-04-19T02:00:58.082Z] [runtime-status] [19208] Attempting to listen to socketPath: \\?\pipe\E:\Vue_Project\twitch-hot-clip-tracker\functions\19208 {"metadata":{"emulator":{"name":"functions"},"function":{"name":"asia-northeast3-twitchAuth"},"message":"[runtime-status] [19208] Attempting to listen to socketPath: \\\\?\\pipe\\E:\\Vue_Project\\twitch-hot-clip-tracker\\functions\\19208"}}
[debug] [2022-04-19T02:00:58.089Z] [functions] Runtime ready! Sending request! {"metadata":{"emulator":{"name":"functions"},"message":"[functions] Runtime ready! Sending request!"}}
[debug] [2022-04-19T02:00:58.090Z] [functions] Got req.url=/twitchhotclip/asia-northeast3/twitchAuth/signin/twitch/callback?code=ppkb910b98mi7iihp3y8mzwzor7czl&scope=openid+user%3Aread%3Aemail&state=47a401377f94b618742ee0615a91428a, mapping to path=/signin/twitch/callback?code=ppkb910b98mi7iihp3y8mzwzor7czl&scope=openid+user%3Aread%3Aemail&state=47a401377f94b618742ee0615a91428a {"metadata":{"emulator":{"name":"functions"},"message":"[functions] Got req.url=/twitchhotclip/asia-northeast3/twitchAuth/signin/twitch/callback?code=ppkb910b98mi7iihp3y8mzwzor7czl&scope=openid+user%3Aread%3Aemail&state=47a401377f94b618742ee0615a91428a, mapping to path=/signin/twitch/callback?code=ppkb910b98mi7iihp3y8mzwzor7czl&scope=openid+user%3Aread%3Aemail&state=47a401377f94b618742ee0615a91428a"}}
[debug] [2022-04-19T02:00:58.123Z] [runtime-status] [19208] Ephemeral server handling GET request {"metadata":{"emulator":{"name":"functions"},"function":{"name":"asia-northeast3-twitchAuth"},"message":"[runtime-status] [19208] Ephemeral server handling GET request"}}
[debug] [2022-04-19T02:00:58.336Z] [runtime-status] [19208] Ephemeral server survived. {"metadata":{"emulator":{"name":"functions"},"function":{"name":"asia-northeast3-twitchAuth"},"message":"[runtime-status] [19208] Ephemeral server survived."}}
[warn] !  functions: The Firebase Authentication emulator is not running, so calls to Firebase Authentication will affect production. {"metadata":{"emulator":{"name":"functions"},"function":{"name":"asia-northeast3-twitchAuth"},"message":"The Firebase Authentication emulator is not running, so calls to Firebase Authentication will affect production."}}
[info] i  functions: Finished "twitchAuth" in ~3s {"metadata":{"emulator":{"name":"functions"},"function":{"name":"asia-northeast3-twitchAuth"},"message":"Finished \"twitchAuth\" in ~3s"}}
[debug] [2022-04-19T02:01:03.487Z] [worker-asia-northeast3-twitchAuth-f2b0055c-ed8c-41ac-addf-b9110eaa55cc]: IDLE {"metadata":{"emulator":{"name":"functions"},"message":"[worker-asia-northeast3-twitchAuth-f2b0055c-ed8c-41ac-addf-b9110eaa55cc]: IDLE"}}
[debug] [2022-04-19T02:01:03.487Z] [work-queue] {"queueLength":0,"workRunningCount":0}
[debug] [2022-04-19T02:09:17.561Z] [work-queue] {"queueLength":1,"workRunningCount":0}
[debug] [2022-04-19T02:09:17.562Z] [work-queue] {"queueLength":0,"workRunningCount":1}
[debug] [2022-04-19T02:09:17.562Z] Accepted request GET /twitchhotclip/asia-northeast3/twitchAuth/signin/twitch/callback?code=yh45hg7qyu266is9j8dslp8pkvjh81&scope=openid+user%3Aread%3Aemail&state=7a4419b4cfbd2a4a254b757f4cd74eed --> asia-northeast3-twitchAuth
[debug] [2022-04-19T02:09:17.562Z] [worker-pool] submitWork(triggerId=asia-northeast3-twitchAuth) {"metadata":{"emulator":{"name":"functions"},"message":"[worker-pool] submitWork(triggerId=asia-northeast3-twitchAuth)"}}
[debug] [2022-04-19T02:09:17.562Z] [worker-asia-northeast3-twitchAuth-f2b0055c-ed8c-41ac-addf-b9110eaa55cc]: Assigning socketPath: \\?\pipe\E:\Vue_Project\twitch-hot-clip-tracker\functions\19208 {"metadata":{"emulator":{"name":"functions"},"message":"[worker-asia-northeast3-twitchAuth-f2b0055c-ed8c-41ac-addf-b9110eaa55cc]: Assigning socketPath: \\\\?\\pipe\\E:\\Vue_Project\\twitch-hot-clip-tracker\\functions\\19208"}}
[debug] [2022-04-19T02:09:17.563Z] [worker-asia-northeast3-twitchAuth-f2b0055c-ed8c-41ac-addf-b9110eaa55cc]: BUSY {"metadata":{"emulator":{"name":"functions"},"message":"[worker-asia-northeast3-twitchAuth-f2b0055c-ed8c-41ac-addf-b9110eaa55cc]: BUSY"}}
[debug] [2022-04-19T02:09:17.564Z] [runtime-status] [19208] Beginning invocation function twitchAuth! {"metadata":{"emulator":{"name":"functions"},"function":{"name":"asia-northeast3-twitchAuth"},"message":"[runtime-status] [19208] Beginning invocation function twitchAuth!"}}
[info] i  functions: Beginning execution of "twitchAuth" {"metadata":{"emulator":{"name":"functions"},"function":{"name":"asia-northeast3-twitchAuth"},"message":"Beginning execution of \"twitchAuth\""}}
[debug] [2022-04-19T02:09:17.572Z] [runtime-status] [19208] Running twitchAuth in signature http {"metadata":{"emulator":{"name":"functions"},"function":{"name":"asia-northeast3-twitchAuth"},"message":"[runtime-status] [19208] Running twitchAuth in signature http"}}
[debug] [2022-04-19T02:09:17.573Z] [runtime-status] [19208] Attempting to listen to socketPath: \\?\pipe\E:\Vue_Project\twitch-hot-clip-tracker\functions\19208 {"metadata":{"emulator":{"name":"functions"},"function":{"name":"asia-northeast3-twitchAuth"},"message":"[runtime-status] [19208] Attempting to listen to socketPath: \\\\?\\pipe\\E:\\Vue_Project\\twitch-hot-clip-tracker\\functions\\19208"}}
[debug] [2022-04-19T02:09:17.576Z] [functions] Runtime ready! Sending request! {"metadata":{"emulator":{"name":"functions"},"message":"[functions] Runtime ready! Sending request!"}}
[debug] [2022-04-19T02:09:17.577Z] [functions] Got req.url=/twitchhotclip/asia-northeast3/twitchAuth/signin/twitch/callback?code=yh45hg7qyu266is9j8dslp8pkvjh81&scope=openid+user%3Aread%3Aemail&state=7a4419b4cfbd2a4a254b757f4cd74eed, mapping to path=/signin/twitch/callback?code=yh45hg7qyu266is9j8dslp8pkvjh81&scope=openid+user%3Aread%3Aemail&state=7a4419b4cfbd2a4a254b757f4cd74eed {"metadata":{"emulator":{"name":"functions"},"message":"[functions] Got req.url=/twitchhotclip/asia-northeast3/twitchAuth/signin/twitch/callback?code=yh45hg7qyu266is9j8dslp8pkvjh81&scope=openid+user%3Aread%3Aemail&state=7a4419b4cfbd2a4a254b757f4cd74eed, mapping to path=/signin/twitch/callback?code=yh45hg7qyu266is9j8dslp8pkvjh81&scope=openid+user%3Aread%3Aemail&state=7a4419b4cfbd2a4a254b757f4cd74eed"}}
[debug] [2022-04-19T02:09:17.580Z] [runtime-status] [19208] Ephemeral server handling GET request {"metadata":{"emulator":{"name":"functions"},"function":{"name":"asia-northeast3-twitchAuth"},"message":"[runtime-status] [19208] Ephemeral server handling GET request"}}
[debug] [2022-04-19T02:09:17.584Z] [runtime-status] [19208] Ephemeral server survived. {"metadata":{"emulator":{"name":"functions"},"function":{"name":"asia-northeast3-twitchAuth"},"message":"[runtime-status] [19208] Ephemeral server survived."}}
[info] i  functions: Finished "twitchAuth" in ~1s {"metadata":{"emulator":{"name":"functions"},"function":{"name":"asia-northeast3-twitchAuth"},"message":"Finished \"twitchAuth\" in ~1s"}}
[debug] [2022-04-19T02:09:19.545Z] [worker-asia-northeast3-twitchAuth-f2b0055c-ed8c-41ac-addf-b9110eaa55cc]: IDLE {"metadata":{"emulator":{"name":"functions"},"message":"[worker-asia-northeast3-twitchAuth-f2b0055c-ed8c-41ac-addf-b9110eaa55cc]: IDLE"}}
[debug] [2022-04-19T02:09:19.546Z] [work-queue] {"queueLength":0,"workRunningCount":0}
[debug] [2022-04-19T02:10:26.519Z] [work-queue] {"queueLength":1,"workRunningCount":0}
[debug] [2022-04-19T02:10:26.519Z] [work-queue] {"queueLength":0,"workRunningCount":1}
[debug] [2022-04-19T02:10:26.519Z] Accepted request GET /twitchhotclip/asia-northeast3/twitchAuth/signin/twitch/callback?code=7bzzyilduq9nyvoqc41jfsyz63yv3w&scope=openid+user%3Aread%3Aemail&state=9173e6195634b117cfdab4aa039d0187 --> asia-northeast3-twitchAuth
[debug] [2022-04-19T02:10:26.519Z] [worker-pool] submitWork(triggerId=asia-northeast3-twitchAuth) {"metadata":{"emulator":{"name":"functions"},"message":"[worker-pool] submitWork(triggerId=asia-northeast3-twitchAuth)"}}
[debug] [2022-04-19T02:10:26.520Z] [worker-asia-northeast3-twitchAuth-f2b0055c-ed8c-41ac-addf-b9110eaa55cc]: Assigning socketPath: \\?\pipe\E:\Vue_Project\twitch-hot-clip-tracker\functions\19208 {"metadata":{"emulator":{"name":"functions"},"message":"[worker-asia-northeast3-twitchAuth-f2b0055c-ed8c-41ac-addf-b9110eaa55cc]: Assigning socketPath: \\\\?\\pipe\\E:\\Vue_Project\\twitch-hot-clip-tracker\\functions\\19208"}}
[debug] [2022-04-19T02:10:26.520Z] [worker-asia-northeast3-twitchAuth-f2b0055c-ed8c-41ac-addf-b9110eaa55cc]: BUSY {"metadata":{"emulator":{"name":"functions"},"message":"[worker-asia-northeast3-twitchAuth-f2b0055c-ed8c-41ac-addf-b9110eaa55cc]: BUSY"}}
[debug] [2022-04-19T02:10:26.521Z] [runtime-status] [19208] Beginning invocation function twitchAuth! {"metadata":{"emulator":{"name":"functions"},"function":{"name":"asia-northeast3-twitchAuth"},"message":"[runtime-status] [19208] Beginning invocation function twitchAuth!"}}
[info] i  functions: Beginning execution of "twitchAuth" {"metadata":{"emulator":{"name":"functions"},"function":{"name":"asia-northeast3-twitchAuth"},"message":"Beginning execution of \"twitchAuth\""}}
[debug] [2022-04-19T02:10:26.522Z] [runtime-status] [19208] Running twitchAuth in signature http {"metadata":{"emulator":{"name":"functions"},"function":{"name":"asia-northeast3-twitchAuth"},"message":"[runtime-status] [19208] Running twitchAuth in signature http"}}
[debug] [2022-04-19T02:10:26.523Z] [runtime-status] [19208] Attempting to listen to socketPath: \\?\pipe\E:\Vue_Project\twitch-hot-clip-tracker\functions\19208 {"metadata":{"emulator":{"name":"functions"},"function":{"name":"asia-northeast3-twitchAuth"},"message":"[runtime-status] [19208] Attempting to listen to socketPath: \\\\?\\pipe\\E:\\Vue_Project\\twitch-hot-clip-tracker\\functions\\19208"}}
[debug] [2022-04-19T02:10:26.524Z] [functions] Runtime ready! Sending request! {"metadata":{"emulator":{"name":"functions"},"message":"[functions] Runtime ready! Sending request!"}}
[debug] [2022-04-19T02:10:26.524Z] [functions] Got req.url=/twitchhotclip/asia-northeast3/twitchAuth/signin/twitch/callback?code=7bzzyilduq9nyvoqc41jfsyz63yv3w&scope=openid+user%3Aread%3Aemail&state=9173e6195634b117cfdab4aa039d0187, mapping to path=/signin/twitch/callback?code=7bzzyilduq9nyvoqc41jfsyz63yv3w&scope=openid+user%3Aread%3Aemail&state=9173e6195634b117cfdab4aa039d0187 {"metadata":{"emulator":{"name":"functions"},"message":"[functions] Got req.url=/twitchhotclip/asia-northeast3/twitchAuth/signin/twitch/callback?code=7bzzyilduq9nyvoqc41jfsyz63yv3w&scope=openid+user%3Aread%3Aemail&state=9173e6195634b117cfdab4aa039d0187, mapping to path=/signin/twitch/callback?code=7bzzyilduq9nyvoqc41jfsyz63yv3w&scope=openid+user%3Aread%3Aemail&state=9173e6195634b117cfdab4aa039d0187"}}
[debug] [2022-04-19T02:10:26.526Z] [runtime-status] [19208] Ephemeral server handling GET request {"metadata":{"emulator":{"name":"functions"},"function":{"name":"asia-northeast3-twitchAuth"},"message":"[runtime-status] [19208] Ephemeral server handling GET request"}}
[debug] [2022-04-19T02:10:26.528Z] [runtime-status] [19208] Ephemeral server survived. {"metadata":{"emulator":{"name":"functions"},"function":{"name":"asia-northeast3-twitchAuth"},"message":"[runtime-status] [19208] Ephemeral server survived."}}
[info] i  functions: Finished "twitchAuth" in ~1s {"metadata":{"emulator":{"name":"functions"},"function":{"name":"asia-northeast3-twitchAuth"},"message":"Finished \"twitchAuth\" in ~1s"}}
[debug] [2022-04-19T02:10:28.490Z] [worker-asia-northeast3-twitchAuth-f2b0055c-ed8c-41ac-addf-b9110eaa55cc]: IDLE {"metadata":{"emulator":{"name":"functions"},"message":"[worker-asia-northeast3-twitchAuth-f2b0055c-ed8c-41ac-addf-b9110eaa55cc]: IDLE"}}
[debug] [2022-04-19T02:10:28.490Z] [work-queue] {"queueLength":0,"workRunningCount":0}
[debug] [2022-04-19T06:12:36.804Z] [work-queue] {"queueLength":1,"workRunningCount":0}
[debug] [2022-04-19T06:12:36.811Z] [work-queue] {"queueLength":0,"workRunningCount":1}
[debug] [2022-04-19T06:12:36.815Z] Accepted request GET /twitchhotclip/asia-northeast3/twitchAuth/signin/twitch/callback?code=lw8md99nwns0hqbr4zzem2sg822cxo&scope=openid+user%3Aread%3Aemail&state=cacce0887e543ec58abe1c66cf6a01b3 --> asia-northeast3-twitchAuth
[debug] [2022-04-19T06:12:36.819Z] [worker-pool] submitWork(triggerId=asia-northeast3-twitchAuth) {"metadata":{"emulator":{"name":"functions"},"message":"[worker-pool] submitWork(triggerId=asia-northeast3-twitchAuth)"}}
[debug] [2022-04-19T06:12:36.821Z] [worker-asia-northeast3-twitchAuth-f2b0055c-ed8c-41ac-addf-b9110eaa55cc]: Assigning socketPath: \\?\pipe\E:\Vue_Project\twitch-hot-clip-tracker\functions\19208 {"metadata":{"emulator":{"name":"functions"},"message":"[worker-asia-northeast3-twitchAuth-f2b0055c-ed8c-41ac-addf-b9110eaa55cc]: Assigning socketPath: \\\\?\\pipe\\E:\\Vue_Project\\twitch-hot-clip-tracker\\functions\\19208"}}
[debug] [2022-04-19T06:12:36.823Z] [worker-asia-northeast3-twitchAuth-f2b0055c-ed8c-41ac-addf-b9110eaa55cc]: BUSY {"metadata":{"emulator":{"name":"functions"},"message":"[worker-asia-northeast3-twitchAuth-f2b0055c-ed8c-41ac-addf-b9110eaa55cc]: BUSY"}}
[debug] [2022-04-19T06:12:36.841Z] [runtime-status] [19208] Beginning invocation function twitchAuth! {"metadata":{"emulator":{"name":"functions"},"function":{"name":"asia-northeast3-twitchAuth"},"message":"[runtime-status] [19208] Beginning invocation function twitchAuth!"}}
[info] i  functions: Beginning execution of "twitchAuth" {"metadata":{"emulator":{"name":"functions"},"function":{"name":"asia-northeast3-twitchAuth"},"message":"Beginning execution of \"twitchAuth\""}}
[debug] [2022-04-19T06:12:36.872Z] [runtime-status] [19208] Running twitchAuth in signature http {"metadata":{"emulator":{"name":"functions"},"function":{"name":"asia-northeast3-twitchAuth"},"message":"[runtime-status] [19208] Running twitchAuth in signature http"}}
[debug] [2022-04-19T06:12:36.873Z] [runtime-status] [19208] Attempting to listen to socketPath: \\?\pipe\E:\Vue_Project\twitch-hot-clip-tracker\functions\19208 {"metadata":{"emulator":{"name":"functions"},"function":{"name":"asia-northeast3-twitchAuth"},"message":"[runtime-status] [19208] Attempting to listen to socketPath: \\\\?\\pipe\\E:\\Vue_Project\\twitch-hot-clip-tracker\\functions\\19208"}}
[debug] [2022-04-19T06:12:36.886Z] [functions] Runtime ready! Sending request! {"metadata":{"emulator":{"name":"functions"},"message":"[functions] Runtime ready! Sending request!"}}
[debug] [2022-04-19T06:12:36.888Z] [functions] Got req.url=/twitchhotclip/asia-northeast3/twitchAuth/signin/twitch/callback?code=lw8md99nwns0hqbr4zzem2sg822cxo&scope=openid+user%3Aread%3Aemail&state=cacce0887e543ec58abe1c66cf6a01b3, mapping to path=/signin/twitch/callback?code=lw8md99nwns0hqbr4zzem2sg822cxo&scope=openid+user%3Aread%3Aemail&state=cacce0887e543ec58abe1c66cf6a01b3 {"metadata":{"emulator":{"name":"functions"},"message":"[functions] Got req.url=/twitchhotclip/asia-northeast3/twitchAuth/signin/twitch/callback?code=lw8md99nwns0hqbr4zzem2sg822cxo&scope=openid+user%3Aread%3Aemail&state=cacce0887e543ec58abe1c66cf6a01b3, mapping to path=/signin/twitch/callback?code=lw8md99nwns0hqbr4zzem2sg822cxo&scope=openid+user%3Aread%3Aemail&state=cacce0887e543ec58abe1c66cf6a01b3"}}
[debug] [2022-04-19T06:12:36.893Z] [runtime-status] [19208] Ephemeral server handling GET request {"metadata":{"emulator":{"name":"functions"},"function":{"name":"asia-northeast3-twitchAuth"},"message":"[runtime-status] [19208] Ephemeral server handling GET request"}}
[debug] [2022-04-19T06:12:36.898Z] [runtime-status] [19208] Ephemeral server survived. {"metadata":{"emulator":{"name":"functions"},"function":{"name":"asia-northeast3-twitchAuth"},"message":"[runtime-status] [19208] Ephemeral server survived."}}
[info] i  functions: Finished "twitchAuth" in ~2s {"metadata":{"emulator":{"name":"functions"},"function":{"name":"asia-northeast3-twitchAuth"},"message":"Finished \"twitchAuth\" in ~2s"}}
[debug] [2022-04-19T06:12:38.924Z] [worker-asia-northeast3-twitchAuth-f2b0055c-ed8c-41ac-addf-b9110eaa55cc]: IDLE {"metadata":{"emulator":{"name":"functions"},"message":"[worker-asia-northeast3-twitchAuth-f2b0055c-ed8c-41ac-addf-b9110eaa55cc]: IDLE"}}
[debug] [2022-04-19T06:12:38.925Z] [work-queue] {"queueLength":0,"workRunningCount":0}
[debug] [2022-04-20T04:38:50.578Z] ----------------------------------------------------------------------
[debug] [2022-04-20T04:38:50.594Z] Command:       E:\NodeJs\node.exe C:\Users\Righteous\AppData\Roaming\npm\node_modules\firebase-tools\lib\bin\firebase.js emulators:start --only functions
[debug] [2022-04-20T04:38:50.595Z] CLI Version:   10.2.1
[debug] [2022-04-20T04:38:50.595Z] Platform:      win32
[debug] [2022-04-20T04:38:50.595Z] Node Version:  v14.17.3
[debug] [2022-04-20T04:38:50.600Z] Time:          Wed Apr 20 2022 13:38:50 GMT+0900 (대한민국 표준시)
[debug] [2022-04-20T04:38:50.600Z] ----------------------------------------------------------------------
[debug] 
[debug] [2022-04-20T04:38:50.617Z] >>> [apiv2][query] GET https://firebase-public.firebaseio.com/cli.json [none]
[debug] [2022-04-20T04:38:50.829Z] > command requires scopes: ["email","openid","https://www.googleapis.com/auth/cloudplatformprojects.readonly","https://www.googleapis.com/auth/firebase","https://www.googleapis.com/auth/cloud-platform"]
[debug] [2022-04-20T04:38:50.830Z] > authorizing via signed-in user (revive0405@gmail.com)
[info] i  emulators: Starting emulators: functions {"metadata":{"emulator":{"name":"hub"},"message":"Starting emulators: functions"}}
[warn] !  emulators: It seems that you are running multiple instances of the emulator suite for project twitchhotclip. This may result in unexpected behavior. 
[debug] [2022-04-20T04:38:50.917Z] [hub] writing locator at C:\Users\RIGHTE~1\AppData\Local\Temp\hub-twitchhotclip.json
[warn] !  functions: The following emulators are not running, calls to these services from the Functions emulator will affect production: auth, firestore, database, hosting, pubsub, storage {"metadata":{"emulator":{"name":"functions"},"message":"The following emulators are not running, calls to these services from the Functions emulator will affect production: \u001b[1mauth, firestore, database, hosting, pubsub, storage\u001b[22m"}}
[info] +  functions: Using node@14 from host. {"metadata":{"emulator":{"name":"functions"},"message":"Using node@14 from host."}}
[debug] [2022-04-20T04:38:51.013Z] defaultcredentials: writing to file C:\Users\Righteous\AppData\Roaming\firebase\revive0405_gmail_com_application_default_credentials.json
[debug] [2022-04-20T04:38:51.015Z] Setting GAC to C:\Users\Righteous\AppData\Roaming\firebase\revive0405_gmail_com_application_default_credentials.json {"metadata":{"emulator":{"name":"functions"},"message":"Setting GAC to C:\\Users\\Righteous\\AppData\\Roaming\\firebase\\revive0405_gmail_com_application_default_credentials.json"}}
[debug] [2022-04-20T04:38:51.018Z] > refreshing access token with scopes: []
[debug] [2022-04-20T04:38:51.019Z] >>> HTTP REQUEST POST https://www.googleapis.com/oauth2/v3/token  
 <request body omitted>
[debug] [2022-04-20T04:38:51.212Z] <<< HTTP RESPONSE 200 {"date":"Wed, 20 Apr 2022 04:38:51 GMT","cache-control":"no-cache, no-store, max-age=0, must-revalidate","pragma":"no-cache","expires":"Mon, 01 Jan 1990 00:00:00 GMT","content-type":"application/json; charset=utf-8","vary":"X-Origin, Referer, Origin,Accept-Encoding","server":"scaffolding on HTTPServer2","x-xss-protection":"0","x-frame-options":"SAMEORIGIN","x-content-type-options":"nosniff","alt-svc":"h3=\":443\"; ma=2592000,h3-29=\":443\"; ma=2592000,h3-Q050=\":443\"; ma=2592000,h3-Q046=\":443\"; ma=2592000,h3-Q043=\":443\"; ma=2592000,quic=\":443\"; ma=2592000; v=\"46,43\"","accept-ranges":"none","transfer-encoding":"chunked"}
[debug] [2022-04-20T04:38:51.243Z] >>> [apiv2][query] GET https://firebase.googleapis.com/v1beta1/projects/twitchhotclip/adminSdkConfig [none]
[debug] [2022-04-20T04:38:51.479Z] <<< [apiv2][status] GET https://firebase-public.firebaseio.com/cli.json 200
[debug] [2022-04-20T04:38:51.480Z] <<< [apiv2][body] GET https://firebase-public.firebaseio.com/cli.json {"cloudBuildErrorAfter":1594252800000,"cloudBuildWarnAfter":1590019200000,"defaultNode10After":1594252800000,"minVersion":"3.0.5","node8DeploysDisabledAfter":1613390400000,"node8RuntimeDisabledAfter":1615809600000,"node8WarnAfter":1600128000000}
[debug] [2022-04-20T04:38:51.667Z] <<< [apiv2][status] GET https://firebase.googleapis.com/v1beta1/projects/twitchhotclip/adminSdkConfig 200
[debug] [2022-04-20T04:38:51.667Z] <<< [apiv2][body] GET https://firebase.googleapis.com/v1beta1/projects/twitchhotclip/adminSdkConfig {"projectId":"twitchhotclip","databaseURL":"https://twitchhotclip-default-rtdb.asia-southeast1.firebasedatabase.app","storageBucket":"twitchhotclip.appspot.com","locationId":"asia-northeast3"}
[debug] [2022-04-20T04:38:51.720Z] Ignoring unsupported arg: auto_download {"metadata":{"emulator":{"name":"ui"},"message":"Ignoring unsupported arg: auto_download"}}
[debug] [2022-04-20T04:38:51.721Z] Ignoring unsupported arg: port {"metadata":{"emulator":{"name":"ui"},"message":"Ignoring unsupported arg: port"}}
[debug] [2022-04-20T04:38:51.721Z] Starting Emulator UI with command {"binary":"node","args":["C:\\Users\\Righteous\\.cache\\firebase\\emulators\\ui-v1.6.5\\server.bundle.js"],"optionalArgs":[],"joinArgs":false} {"metadata":{"emulator":{"name":"ui"},"message":"Starting Emulator UI with command {\"binary\":\"node\",\"args\":[\"C:\\\\Users\\\\Righteous\\\\.cache\\\\firebase\\\\emulators\\\\ui-v1.6.5\\\\server.bundle.js\"],\"optionalArgs\":[],\"joinArgs\":false}"}}
[info] i  ui: Emulator UI logging to ui-debug.log {"metadata":{"emulator":{"name":"ui"},"message":"Emulator UI logging to \u001b[1mui-debug.log\u001b[22m"}}
[debug] [2022-04-20T04:38:52.313Z] Web / API server started at localhost:4000
 {"metadata":{"emulator":{"name":"ui"},"message":"Web / API server started at localhost:4000\n"}}
[info] i  functions: Watching "E:\Vue_Project\twitch-hot-clip-tracker\functions" for Cloud Functions... {"metadata":{"emulator":{"name":"functions"},"message":"Watching \"E:\\Vue_Project\\twitch-hot-clip-tracker\\functions\" for Cloud Functions..."}}
[debug] [2022-04-20T04:38:52.378Z] Validating nodejs source
[debug] [2022-04-20T04:39:15.047Z] > [functions] package.json contents: {
  "name": "functions",
  "description": "Cloud Functions for Firebase",
  "scripts": {
    "serve": "firebase emulators:start --only functions",
    "shell": "firebase functions:shell",
    "start": "npm run shell",
    "deploy": "firebase deploy --only functions",
    "logs": "firebase functions:log"
  },
  "engines": {
    "node": "14"
  },
  "main": "index.js",
  "dependencies": {
    "axios": "^0.26.1",
    "firebase-admin": "^9.8.0",
    "firebase-functions": "^3.20.1"
  },
  "devDependencies": {
    "firebase-functions-test": "^0.2.0"
  },
  "private": true
}
[debug] [2022-04-20T04:39:15.048Z] Building nodejs source
[debug] [2022-04-20T04:39:15.048Z] Analyzing nodejs backend spec
[info] +  functions[asia-northeast3-twitchAuth]: http function initialized (http://localhost:5001/twitchhotclip/asia-northeast3/twitchAuth). {"metadata":{"emulator":{"name":"functions"},"message":"\u001b[1mhttp\u001b[22m function initialized (http://localhost:5001/twitchhotclip/asia-northeast3/twitchAuth)."}}
[debug] [2022-04-20T04:39:22.721Z] addAuthTrigger {"eventTrigger":{"eventType":"providers/firebase.auth/eventTypes/user.delete","resource":"projects/twitchhotclip"}}
[info] +  functions[asia-southeast1-deleteUser]: auth function initialized. {"metadata":{"emulator":{"name":"functions"},"message":"\u001b[1mauth\u001b[22m function initialized."}}
[info] 
┌─────────────────────────────────────────────────────────────┐
│ ✔  All emulators ready! It is now safe to connect your app. │
│ i  View Emulator UI at http://localhost:4000                │
└─────────────────────────────────────────────────────────────┘

┌───────────┬────────────────┬─────────────────────────────────┐
│ Emulator  │ Host:Port      │ View in Emulator UI             │
├───────────┼────────────────┼─────────────────────────────────┤
│ Functions │ localhost:5001 │ http://localhost:4000/functions │
└───────────┴────────────────┴─────────────────────────────────┘
  Emulator Hub running at localhost:4400
  Other reserved ports: 4500

Issues? Report them at https://github.com/firebase/firebase-tools/issues and attach the *-debug.log files.
 
[debug] [2022-04-20T07:30:03.234Z] [work-queue] {"queueLength":1,"workRunningCount":0}
[debug] [2022-04-20T07:30:03.235Z] [work-queue] {"queueLength":0,"workRunningCount":1}
[debug] [2022-04-20T07:30:03.236Z] Accepted request GET /twitchhotclip/asia-northeast3/twitchAuth/signin/twitch/callback?code=fsgpnwcw4xev8tbwzkzir3ir5b87x8&scope=openid+user%3Aread%3Aemail&state=acbb0612d0bd84999c8daa39fccc34b3 --> asia-northeast3-twitchAuth
[info] i  functions: Loaded environment variables from .env. 
[debug] [2022-04-20T07:30:03.271Z] [worker-pool] addWorker(asia-northeast3-twitchAuth) {"metadata":{"emulator":{"name":"functions"},"message":"[worker-pool] addWorker(asia-northeast3-twitchAuth)"}}
[debug] [2022-04-20T07:30:03.271Z] [worker-pool] Adding worker with key asia-northeast3-twitchAuth, total=1 {"metadata":{"emulator":{"name":"functions"},"message":"[worker-pool] Adding worker with key asia-northeast3-twitchAuth, total=1"}}
[debug] [2022-04-20T07:30:03.272Z] [worker-pool] submitWork(triggerId=asia-northeast3-twitchAuth) {"metadata":{"emulator":{"name":"functions"},"message":"[worker-pool] submitWork(triggerId=asia-northeast3-twitchAuth)"}}
[debug] [2022-04-20T07:30:03.272Z] [worker-asia-northeast3-twitchAuth-2fc0ab8c-a7ba-4428-81ab-7725aea9f0d9]: Assigning socketPath: \\?\pipe\E:\Vue_Project\twitch-hot-clip-tracker\functions\7928 {"metadata":{"emulator":{"name":"functions"},"message":"[worker-asia-northeast3-twitchAuth-2fc0ab8c-a7ba-4428-81ab-7725aea9f0d9]: Assigning socketPath: \\\\?\\pipe\\E:\\Vue_Project\\twitch-hot-clip-tracker\\functions\\7928"}}
[debug] [2022-04-20T07:30:03.273Z] [worker-asia-northeast3-twitchAuth-2fc0ab8c-a7ba-4428-81ab-7725aea9f0d9]: BUSY {"metadata":{"emulator":{"name":"functions"},"message":"[worker-asia-northeast3-twitchAuth-2fc0ab8c-a7ba-4428-81ab-7725aea9f0d9]: BUSY"}}
[debug] [2022-04-20T07:30:06.652Z] [runtime-status] [7928] Functions runtime initialized. {"cwd":"E:\\Vue_Project\\twitch-hot-clip-tracker\\functions","node_version":"14.17.3"} {"metadata":{"emulator":{"name":"functions"},"function":{"name":"asia-northeast3-twitchAuth"},"message":"[runtime-status] [7928] Functions runtime initialized. {\"cwd\":\"E:\\\\Vue_Project\\\\twitch-hot-clip-tracker\\\\functions\",\"node_version\":\"14.17.3\"}"}}
[debug] [2022-04-20T07:30:06.655Z] [runtime-status] [7928] Disabled runtime features: undefined {"metadata":{"emulator":{"name":"functions"},"function":{"name":"asia-northeast3-twitchAuth"},"message":"[runtime-status] [7928] Disabled runtime features: undefined"}}
[debug] [2022-04-20T07:30:06.660Z] [runtime-status] [7928] Resolved module firebase-admin {"declared":true,"installed":true,"version":"9.12.0","resolution":"E:\\Vue_Project\\twitch-hot-clip-tracker\\functions\\node_modules\\firebase-admin\\lib\\index.js"} {"metadata":{"emulator":{"name":"functions"},"function":{"name":"asia-northeast3-twitchAuth"},"message":"[runtime-status] [7928] Resolved module firebase-admin {\"declared\":true,\"installed\":true,\"version\":\"9.12.0\",\"resolution\":\"E:\\\\Vue_Project\\\\twitch-hot-clip-tracker\\\\functions\\\\node_modules\\\\firebase-admin\\\\lib\\\\index.js\"}"}}
[debug] [2022-04-20T07:30:06.664Z] [runtime-status] [7928] Resolved module firebase-functions {"declared":true,"installed":true,"version":"3.20.1","resolution":"E:\\Vue_Project\\twitch-hot-clip-tracker\\functions\\node_modules\\firebase-functions\\lib\\index.js"} {"metadata":{"emulator":{"name":"functions"},"function":{"name":"asia-northeast3-twitchAuth"},"message":"[runtime-status] [7928] Resolved module firebase-functions {\"declared\":true,\"installed\":true,\"version\":\"3.20.1\",\"resolution\":\"E:\\\\Vue_Project\\\\twitch-hot-clip-tracker\\\\functions\\\\node_modules\\\\firebase-functions\\\\lib\\\\index.js\"}"}}
[debug] [2022-04-20T07:30:06.664Z] [runtime-status] [7928] Outgoing network have been stubbed. [{"name":"http","status":"mocked"},{"name":"http","status":"mocked"},{"name":"https","status":"mocked"},{"name":"https","status":"mocked"},{"name":"net","status":"mocked"}] {"metadata":{"emulator":{"name":"functions"},"function":{"name":"asia-northeast3-twitchAuth"},"message":"[runtime-status] [7928] Outgoing network have been stubbed. [{\"name\":\"http\",\"status\":\"mocked\"},{\"name\":\"http\",\"status\":\"mocked\"},{\"name\":\"https\",\"status\":\"mocked\"},{\"name\":\"https\",\"status\":\"mocked\"},{\"name\":\"net\",\"status\":\"mocked\"}]"}}
[debug] [2022-04-20T07:30:06.666Z] [runtime-status] [7928] Resolved module firebase-functions {"declared":true,"installed":true,"version":"3.20.1","resolution":"E:\\Vue_Project\\twitch-hot-clip-tracker\\functions\\node_modules\\firebase-functions\\lib\\index.js"} {"metadata":{"emulator":{"name":"functions"},"function":{"name":"asia-northeast3-twitchAuth"},"message":"[runtime-status] [7928] Resolved module firebase-functions {\"declared\":true,\"installed\":true,\"version\":\"3.20.1\",\"resolution\":\"E:\\\\Vue_Project\\\\twitch-hot-clip-tracker\\\\functions\\\\node_modules\\\\firebase-functions\\\\lib\\\\index.js\"}"}}
[debug] [2022-04-20T07:30:06.843Z] [runtime-status] [7928] Checked functions.config() {"config":{}} {"metadata":{"emulator":{"name":"functions"},"function":{"name":"asia-northeast3-twitchAuth"},"message":"[runtime-status] [7928] Checked functions.config() {\"config\":{}}"}}
[debug] [2022-04-20T07:30:06.843Z] [runtime-status] [7928] firebase-functions has been stubbed. {"functionsResolution":{"declared":true,"installed":true,"version":"3.20.1","resolution":"E:\\Vue_Project\\twitch-hot-clip-tracker\\functions\\node_modules\\firebase-functions\\lib\\index.js"}} {"metadata":{"emulator":{"name":"functions"},"function":{"name":"asia-northeast3-twitchAuth"},"message":"[runtime-status] [7928] firebase-functions has been stubbed. {\"functionsResolution\":{\"declared\":true,\"installed\":true,\"version\":\"3.20.1\",\"resolution\":\"E:\\\\Vue_Project\\\\twitch-hot-clip-tracker\\\\functions\\\\node_modules\\\\firebase-functions\\\\lib\\\\index.js\"}}"}}
[debug] [2022-04-20T07:30:06.845Z] [runtime-status] [7928] Resolved module firebase-functions {"declared":true,"installed":true,"version":"3.20.1","resolution":"E:\\Vue_Project\\twitch-hot-clip-tracker\\functions\\node_modules\\firebase-functions\\lib\\index.js"} {"metadata":{"emulator":{"name":"functions"},"function":{"name":"asia-northeast3-twitchAuth"},"message":"[runtime-status] [7928] Resolved module firebase-functions {\"declared\":true,\"installed\":true,\"version\":\"3.20.1\",\"resolution\":\"E:\\\\Vue_Project\\\\twitch-hot-clip-tracker\\\\functions\\\\node_modules\\\\firebase-functions\\\\lib\\\\index.js\"}"}}
[debug] [2022-04-20T07:30:06.848Z] [runtime-status] [7928] Resolved module firebase-admin {"declared":true,"installed":true,"version":"9.12.0","resolution":"E:\\Vue_Project\\twitch-hot-clip-tracker\\functions\\node_modules\\firebase-admin\\lib\\index.js"} {"metadata":{"emulator":{"name":"functions"},"function":{"name":"asia-northeast3-twitchAuth"},"message":"[runtime-status] [7928] Resolved module firebase-admin {\"declared\":true,\"installed\":true,\"version\":\"9.12.0\",\"resolution\":\"E:\\\\Vue_Project\\\\twitch-hot-clip-tracker\\\\functions\\\\node_modules\\\\firebase-admin\\\\lib\\\\index.js\"}"}}
[debug] [2022-04-20T07:30:06.849Z] [runtime-status] [7928] Resolved module firebase-functions {"declared":true,"installed":true,"version":"3.20.1","resolution":"E:\\Vue_Project\\twitch-hot-clip-tracker\\functions\\node_modules\\firebase-functions\\lib\\index.js"} {"metadata":{"emulator":{"name":"functions"},"function":{"name":"asia-northeast3-twitchAuth"},"message":"[runtime-status] [7928] Resolved module firebase-functions {\"declared\":true,\"installed\":true,\"version\":\"3.20.1\",\"resolution\":\"E:\\\\Vue_Project\\\\twitch-hot-clip-tracker\\\\functions\\\\node_modules\\\\firebase-functions\\\\lib\\\\index.js\"}"}}
[debug] [2022-04-20T07:30:06.850Z] [runtime-status] [7928] firebase-admin has been stubbed. {"adminResolution":{"declared":true,"installed":true,"version":"9.12.0","resolution":"E:\\Vue_Project\\twitch-hot-clip-tracker\\functions\\node_modules\\firebase-admin\\lib\\index.js"}} {"metadata":{"emulator":{"name":"functions"},"function":{"name":"asia-northeast3-twitchAuth"},"message":"[runtime-status] [7928] firebase-admin has been stubbed. {\"adminResolution\":{\"declared\":true,\"installed\":true,\"version\":\"9.12.0\",\"resolution\":\"E:\\\\Vue_Project\\\\twitch-hot-clip-tracker\\\\functions\\\\node_modules\\\\firebase-admin\\\\lib\\\\index.js\"}}"}}
[debug] [2022-04-20T07:30:06.947Z] [runtime-status] [7928] initializeApp(DEFAULT) {"credential":{"implicit":false,"projectId":"twitchhotclip","privateKey":"-----BEGIN PRIVATE KEY-----\nMIIEvgIBADANBgkqhkiG9w0BAQEFAASCBKgwggSkAgEAAoIBAQDcQrH3nHoLHqZ7\nNlphdsanp2VLGe22c7lSn513koKUw+WkZ8ALrbw9RWNYrAdVbFnP3AjaCQC1yk55\njgqKbNMgFAdI5RHUGozVEskbaBQoKk1wVL+FrlOgtWy52hkpCjhQh1VD931paRFY\n0ThEnImS+i+7TtaksdCFTUzPXhhwpLVYz+hdeM2KjIlc9TBvJt8lyOBLYZz9cfi6\n5qdBKhofXufoEgAtrMrU82B6YP1aip6bSqUwLzf566P5b9do1Y7PH9RgMikszjhp\n7tlWcVrH8XhE0+X4O4S7GYG7nRXi5ouZ/rXHwlJoKvl7OU1UurfGNe1PRNftrQeB\nSAtuhAaHAgMBAAECggEAFnNV4H86kVeWcIihvb11kjElyfnimO5CvYE3c7CjTraI\n+bD5ijczMKuZ7LfcJ4DbxqwO2uqAAAeW6BzqRiHBg0uHUo7Gum/aWv2HMhvxsgZd\nzk1VGDMkowTbCDaKyfwYsVyZ/EuFpPDoq7znl1a9TxXhN55Zkn/tWSj/40McCp8O\nv5Z63fja5iDiKv37KPa3WTLAt58Ix6vY45Ets15nBU8gpKKbOvcQD87o8eG7kT8T\nHr37A+fEtjc58+p3wbv6I4gdtV51e1i3JVb38nhde3Ap8+cbHYax+NDN9aWfAcJI\n53SZ7RW/yLrJ4nfwUZmkWi0vVkrC5M9NCCUTmCZ5gQKBgQD7sFOP0nLBdABAXCAK\noPhfvc1H58ykoaA2bTk2y1sL/EcV7dVtJHeZgJGKkFVzdZ7WY521XlQ7NNoOilgm\n26zfArpAcgIHDZP0dOeUs2eyYA1pZGKrkYdxniNO8y/OzIWNitVwujGW6XAghqky\ngX0Dj1f88DrjjBK+VAtX9mWDeQKBgQDgCI26LHPFnLAk++vn6lDSzRNvhZ9g9FKB\nBdtg9OKV0BQ4O7i/Rwzp8CrtfbehsZ6pVfxGgvS3jvVfDDPBQKz72czZnzxJmjzt\n4XqmE4sKD68eW1fRrXShY17Kmk023LDo1onKqQRvhRHRZVElzaW3IkRH6/0IU2pj\nQgEUdPlZ/wKBgHX2QnPZ8qbws1120B2rLD3TO29EGQngJrLbpkEkNlv7tWV1vt4U\nhWmQdKY415PxwKxCrBvhRiEpuDmwZXhw5SjwolKqHIEpv/qHADMVkrhrhF2tCwHW\nh2Cc+Xd7SyDlgoLAWyEmYy+T4VWdR5fAUNNmT5rhDPixIefKhDaJ6TIhAoGBAKy+\nS7Hi9r3HzJYn3cWsCfgRAsx6BuN2YGt1/assB86mbADUI+bxPQbhFeibiE1YLNO7\nJlOkRFeJFq/cM8fuO7PSQ78FpjHGiPaPZsfJx+rRHyFUI0nc6lJK0dt80M7dqldO\nnV6zpmTrAUspSUHR6NZlyKqAT1HtJ9ozGawRafc3AoGBAMKunDYTQPKb8fZepya+\nTlY38Mfa5BIk99DN/Vtt4FvNoJZ6P54YbnupbJjZu2AjfttMxDXL3rSoUkWKDcwV\nNYZGs61gMykc5mEFyQLij5hxhDPC7qgbPBaeLfJ5PqngAmy5LfpSlUP+QCkz8tpM\nQb8g9b/O2aOMcYfBz25C6E77\n-----END PRIVATE KEY-----\n","clientEmail":"firebase-adminsdk-2ku0j@twitchhotclip.iam.gserviceaccount.com","httpClient":{"retry":{"maxRetries":4,"statusCodes":[503],"ioErrorCodes":["ECONNRESET","ETIMEDOUT"],"backOffFactor":0.5,"maxDelayInMillis":60000}}},"databaseURL":"https://twitchhotclip-default-rtdb.asia-southeast1.firebasedatabase.app"} {"metadata":{"emulator":{"name":"functions"},"function":{"name":"asia-northeast3-twitchAuth"},"message":"[runtime-status] [7928] initializeApp(DEFAULT) {\"credential\":{\"implicit\":false,\"projectId\":\"twitchhotclip\",\"privateKey\":\"-----BEGIN PRIVATE KEY-----\\nMIIEvgIBADANBgkqhkiG9w0BAQEFAASCBKgwggSkAgEAAoIBAQDcQrH3nHoLHqZ7\\nNlphdsanp2VLGe22c7lSn513koKUw+WkZ8ALrbw9RWNYrAdVbFnP3AjaCQC1yk55\\njgqKbNMgFAdI5RHUGozVEskbaBQoKk1wVL+FrlOgtWy52hkpCjhQh1VD931paRFY\\n0ThEnImS+i+7TtaksdCFTUzPXhhwpLVYz+hdeM2KjIlc9TBvJt8lyOBLYZz9cfi6\\n5qdBKhofXufoEgAtrMrU82B6YP1aip6bSqUwLzf566P5b9do1Y7PH9RgMikszjhp\\n7tlWcVrH8XhE0+X4O4S7GYG7nRXi5ouZ/rXHwlJoKvl7OU1UurfGNe1PRNftrQeB\\nSAtuhAaHAgMBAAECggEAFnNV4H86kVeWcIihvb11kjElyfnimO5CvYE3c7CjTraI\\n+bD5ijczMKuZ7LfcJ4DbxqwO2uqAAAeW6BzqRiHBg0uHUo7Gum/aWv2HMhvxsgZd\\nzk1VGDMkowTbCDaKyfwYsVyZ/EuFpPDoq7znl1a9TxXhN55Zkn/tWSj/40McCp8O\\nv5Z63fja5iDiKv37KPa3WTLAt58Ix6vY45Ets15nBU8gpKKbOvcQD87o8eG7kT8T\\nHr37A+fEtjc58+p3wbv6I4gdtV51e1i3JVb38nhde3Ap8+cbHYax+NDN9aWfAcJI\\n53SZ7RW/yLrJ4nfwUZmkWi0vVkrC5M9NCCUTmCZ5gQKBgQD7sFOP0nLBdABAXCAK\\noPhfvc1H58ykoaA2bTk2y1sL/EcV7dVtJHeZgJGKkFVzdZ7WY521XlQ7NNoOilgm\\n26zfArpAcgIHDZP0dOeUs2eyYA1pZGKrkYdxniNO8y/OzIWNitVwujGW6XAghqky\\ngX0Dj1f88DrjjBK+VAtX9mWDeQKBgQDgCI26LHPFnLAk++vn6lDSzRNvhZ9g9FKB\\nBdtg9OKV0BQ4O7i/Rwzp8CrtfbehsZ6pVfxGgvS3jvVfDDPBQKz72czZnzxJmjzt\\n4XqmE4sKD68eW1fRrXShY17Kmk023LDo1onKqQRvhRHRZVElzaW3IkRH6/0IU2pj\\nQgEUdPlZ/wKBgHX2QnPZ8qbws1120B2rLD3TO29EGQngJrLbpkEkNlv7tWV1vt4U\\nhWmQdKY415PxwKxCrBvhRiEpuDmwZXhw5SjwolKqHIEpv/qHADMVkrhrhF2tCwHW\\nh2Cc+Xd7SyDlgoLAWyEmYy+T4VWdR5fAUNNmT5rhDPixIefKhDaJ6TIhAoGBAKy+\\nS7Hi9r3HzJYn3cWsCfgRAsx6BuN2YGt1/assB86mbADUI+bxPQbhFeibiE1YLNO7\\nJlOkRFeJFq/cM8fuO7PSQ78FpjHGiPaPZsfJx+rRHyFUI0nc6lJK0dt80M7dqldO\\nnV6zpmTrAUspSUHR6NZlyKqAT1HtJ9ozGawRafc3AoGBAMKunDYTQPKb8fZepya+\\nTlY38Mfa5BIk99DN/Vtt4FvNoJZ6P54YbnupbJjZu2AjfttMxDXL3rSoUkWKDcwV\\nNYZGs61gMykc5mEFyQLij5hxhDPC7qgbPBaeLfJ5PqngAmy5LfpSlUP+QCkz8tpM\\nQb8g9b/O2aOMcYfBz25C6E77\\n-----END PRIVATE KEY-----\\n\",\"clientEmail\":\"firebase-adminsdk-2ku0j@twitchhotclip.iam.gserviceaccount.com\",\"httpClient\":{\"retry\":{\"maxRetries\":4,\"statusCodes\":[503],\"ioErrorCodes\":[\"ECONNRESET\",\"ETIMEDOUT\"],\"backOffFactor\":0.5,\"maxDelayInMillis\":60000}}},\"databaseURL\":\"https://twitchhotclip-default-rtdb.asia-southeast1.firebasedatabase.app\"}"}}
[warn] !  functions: The Realtime Database emulator is not running, so calls to Realtime Database will affect production. {"metadata":{"emulator":{"name":"functions"},"function":{"name":"asia-northeast3-twitchAuth"},"message":"The Realtime Database emulator is not running, so calls to Realtime Database will affect production."}}
[debug] [2022-04-20T07:30:07.310Z] [runtime-status] [7928] Beginning invocation function twitchAuth! {"metadata":{"emulator":{"name":"functions"},"function":{"name":"asia-northeast3-twitchAuth"},"message":"[runtime-status] [7928] Beginning invocation function twitchAuth!"}}
[info] i  functions: Beginning execution of "twitchAuth" {"metadata":{"emulator":{"name":"functions"},"function":{"name":"asia-northeast3-twitchAuth"},"message":"Beginning execution of \"twitchAuth\""}}
[debug] [2022-04-20T07:30:07.311Z] [runtime-status] [7928] Running twitchAuth in signature http {"metadata":{"emulator":{"name":"functions"},"function":{"name":"asia-northeast3-twitchAuth"},"message":"[runtime-status] [7928] Running twitchAuth in signature http"}}
[debug] [2022-04-20T07:30:07.317Z] [runtime-status] [7928] Attempting to listen to socketPath: \\?\pipe\E:\Vue_Project\twitch-hot-clip-tracker\functions\7928 {"metadata":{"emulator":{"name":"functions"},"function":{"name":"asia-northeast3-twitchAuth"},"message":"[runtime-status] [7928] Attempting to listen to socketPath: \\\\?\\pipe\\E:\\Vue_Project\\twitch-hot-clip-tracker\\functions\\7928"}}
[debug] [2022-04-20T07:30:07.322Z] [functions] Runtime ready! Sending request! {"metadata":{"emulator":{"name":"functions"},"message":"[functions] Runtime ready! Sending request!"}}
[debug] [2022-04-20T07:30:07.324Z] [functions] Got req.url=/twitchhotclip/asia-northeast3/twitchAuth/signin/twitch/callback?code=fsgpnwcw4xev8tbwzkzir3ir5b87x8&scope=openid+user%3Aread%3Aemail&state=acbb0612d0bd84999c8daa39fccc34b3, mapping to path=/signin/twitch/callback?code=fsgpnwcw4xev8tbwzkzir3ir5b87x8&scope=openid+user%3Aread%3Aemail&state=acbb0612d0bd84999c8daa39fccc34b3 {"metadata":{"emulator":{"name":"functions"},"message":"[functions] Got req.url=/twitchhotclip/asia-northeast3/twitchAuth/signin/twitch/callback?code=fsgpnwcw4xev8tbwzkzir3ir5b87x8&scope=openid+user%3Aread%3Aemail&state=acbb0612d0bd84999c8daa39fccc34b3, mapping to path=/signin/twitch/callback?code=fsgpnwcw4xev8tbwzkzir3ir5b87x8&scope=openid+user%3Aread%3Aemail&state=acbb0612d0bd84999c8daa39fccc34b3"}}
[debug] [2022-04-20T07:30:07.337Z] [runtime-status] [7928] Ephemeral server handling GET request {"metadata":{"emulator":{"name":"functions"},"function":{"name":"asia-northeast3-twitchAuth"},"message":"[runtime-status] [7928] Ephemeral server handling GET request"}}
[debug] [2022-04-20T07:30:07.433Z] [runtime-status] [7928] Ephemeral server survived. {"metadata":{"emulator":{"name":"functions"},"function":{"name":"asia-northeast3-twitchAuth"},"message":"[runtime-status] [7928] Ephemeral server survived."}}
[warn] !  functions: The Firebase Authentication emulator is not running, so calls to Firebase Authentication will affect production. {"metadata":{"emulator":{"name":"functions"},"function":{"name":"asia-northeast3-twitchAuth"},"message":"The Firebase Authentication emulator is not running, so calls to Firebase Authentication will affect production."}}
[info] i  functions: Finished "twitchAuth" in ~2s {"metadata":{"emulator":{"name":"functions"},"function":{"name":"asia-northeast3-twitchAuth"},"message":"Finished \"twitchAuth\" in ~2s"}}
[debug] [2022-04-20T07:30:12.364Z] [worker-asia-northeast3-twitchAuth-2fc0ab8c-a7ba-4428-81ab-7725aea9f0d9]: IDLE {"metadata":{"emulator":{"name":"functions"},"message":"[worker-asia-northeast3-twitchAuth-2fc0ab8c-a7ba-4428-81ab-7725aea9f0d9]: IDLE"}}
[debug] [2022-04-20T07:30:12.365Z] [work-queue] {"queueLength":0,"workRunningCount":0}
[debug] [2022-04-20T07:31:23.671Z] [work-queue] {"queueLength":1,"workRunningCount":0}
[debug] [2022-04-20T07:31:23.672Z] [work-queue] {"queueLength":0,"workRunningCount":1}
[debug] [2022-04-20T07:31:23.672Z] Accepted request GET /twitchhotclip/asia-northeast3/twitchAuth/signin/twitch/callback?code=y62ymicuh1pczb2bypl6wvt5cjpqkq&scope=openid+user%3Aread%3Aemail&state=2d6ffad921a1bb5b7549039c5df49572 --> asia-northeast3-twitchAuth
[debug] [2022-04-20T07:31:23.672Z] [worker-pool] submitWork(triggerId=asia-northeast3-twitchAuth) {"metadata":{"emulator":{"name":"functions"},"message":"[worker-pool] submitWork(triggerId=asia-northeast3-twitchAuth)"}}
[debug] [2022-04-20T07:31:23.672Z] [worker-asia-northeast3-twitchAuth-2fc0ab8c-a7ba-4428-81ab-7725aea9f0d9]: Assigning socketPath: \\?\pipe\E:\Vue_Project\twitch-hot-clip-tracker\functions\7928 {"metadata":{"emulator":{"name":"functions"},"message":"[worker-asia-northeast3-twitchAuth-2fc0ab8c-a7ba-4428-81ab-7725aea9f0d9]: Assigning socketPath: \\\\?\\pipe\\E:\\Vue_Project\\twitch-hot-clip-tracker\\functions\\7928"}}
[debug] [2022-04-20T07:31:23.673Z] [worker-asia-northeast3-twitchAuth-2fc0ab8c-a7ba-4428-81ab-7725aea9f0d9]: BUSY {"metadata":{"emulator":{"name":"functions"},"message":"[worker-asia-northeast3-twitchAuth-2fc0ab8c-a7ba-4428-81ab-7725aea9f0d9]: BUSY"}}
[debug] [2022-04-20T07:31:23.673Z] [runtime-status] [7928] Beginning invocation function twitchAuth! {"metadata":{"emulator":{"name":"functions"},"function":{"name":"asia-northeast3-twitchAuth"},"message":"[runtime-status] [7928] Beginning invocation function twitchAuth!"}}
[info] i  functions: Beginning execution of "twitchAuth" {"metadata":{"emulator":{"name":"functions"},"function":{"name":"asia-northeast3-twitchAuth"},"message":"Beginning execution of \"twitchAuth\""}}
[debug] [2022-04-20T07:31:23.712Z] [runtime-status] [7928] Running twitchAuth in signature http {"metadata":{"emulator":{"name":"functions"},"function":{"name":"asia-northeast3-twitchAuth"},"message":"[runtime-status] [7928] Running twitchAuth in signature http"}}
[debug] [2022-04-20T07:31:23.714Z] [runtime-status] [7928] Attempting to listen to socketPath: \\?\pipe\E:\Vue_Project\twitch-hot-clip-tracker\functions\7928 {"metadata":{"emulator":{"name":"functions"},"function":{"name":"asia-northeast3-twitchAuth"},"message":"[runtime-status] [7928] Attempting to listen to socketPath: \\\\?\\pipe\\E:\\Vue_Project\\twitch-hot-clip-tracker\\functions\\7928"}}
[debug] [2022-04-20T07:31:23.715Z] [functions] Runtime ready! Sending request! {"metadata":{"emulator":{"name":"functions"},"message":"[functions] Runtime ready! Sending request!"}}
[debug] [2022-04-20T07:31:23.716Z] [functions] Got req.url=/twitchhotclip/asia-northeast3/twitchAuth/signin/twitch/callback?code=y62ymicuh1pczb2bypl6wvt5cjpqkq&scope=openid+user%3Aread%3Aemail&state=2d6ffad921a1bb5b7549039c5df49572, mapping to path=/signin/twitch/callback?code=y62ymicuh1pczb2bypl6wvt5cjpqkq&scope=openid+user%3Aread%3Aemail&state=2d6ffad921a1bb5b7549039c5df49572 {"metadata":{"emulator":{"name":"functions"},"message":"[functions] Got req.url=/twitchhotclip/asia-northeast3/twitchAuth/signin/twitch/callback?code=y62ymicuh1pczb2bypl6wvt5cjpqkq&scope=openid+user%3Aread%3Aemail&state=2d6ffad921a1bb5b7549039c5df49572, mapping to path=/signin/twitch/callback?code=y62ymicuh1pczb2bypl6wvt5cjpqkq&scope=openid+user%3Aread%3Aemail&state=2d6ffad921a1bb5b7549039c5df49572"}}
[debug] [2022-04-20T07:31:23.720Z] [runtime-status] [7928] Ephemeral server handling GET request {"metadata":{"emulator":{"name":"functions"},"function":{"name":"asia-northeast3-twitchAuth"},"message":"[runtime-status] [7928] Ephemeral server handling GET request"}}
[debug] [2022-04-20T07:31:23.723Z] [runtime-status] [7928] Ephemeral server survived. {"metadata":{"emulator":{"name":"functions"},"function":{"name":"asia-northeast3-twitchAuth"},"message":"[runtime-status] [7928] Ephemeral server survived."}}
[info] i  functions: Finished "twitchAuth" in ~1s {"metadata":{"emulator":{"name":"functions"},"function":{"name":"asia-northeast3-twitchAuth"},"message":"Finished \"twitchAuth\" in ~1s"}}
[debug] [2022-04-20T07:31:25.666Z] [worker-asia-northeast3-twitchAuth-2fc0ab8c-a7ba-4428-81ab-7725aea9f0d9]: IDLE {"metadata":{"emulator":{"name":"functions"},"message":"[worker-asia-northeast3-twitchAuth-2fc0ab8c-a7ba-4428-81ab-7725aea9f0d9]: IDLE"}}
[debug] [2022-04-20T07:31:25.667Z] [work-queue] {"queueLength":0,"workRunningCount":0}
[debug] [2022-04-20T08:09:28.037Z] [work-queue] {"queueLength":1,"workRunningCount":0}
[debug] [2022-04-20T08:09:28.037Z] [work-queue] {"queueLength":0,"workRunningCount":1}
[debug] [2022-04-20T08:09:28.038Z] Accepted request GET /twitchhotclip/asia-northeast3/twitchAuth/signin/twitch/callback?code=9f981m0dfbga3sznl05pwpv2v4oebg&scope=openid+user%3Aread%3Aemail&state=d4eb28deece5c6a758a255dd7e0501a7 --> asia-northeast3-twitchAuth
[debug] [2022-04-20T08:09:28.038Z] [worker-pool] submitWork(triggerId=asia-northeast3-twitchAuth) {"metadata":{"emulator":{"name":"functions"},"message":"[worker-pool] submitWork(triggerId=asia-northeast3-twitchAuth)"}}
[debug] [2022-04-20T08:09:28.038Z] [worker-asia-northeast3-twitchAuth-2fc0ab8c-a7ba-4428-81ab-7725aea9f0d9]: Assigning socketPath: \\?\pipe\E:\Vue_Project\twitch-hot-clip-tracker\functions\7928 {"metadata":{"emulator":{"name":"functions"},"message":"[worker-asia-northeast3-twitchAuth-2fc0ab8c-a7ba-4428-81ab-7725aea9f0d9]: Assigning socketPath: \\\\?\\pipe\\E:\\Vue_Project\\twitch-hot-clip-tracker\\functions\\7928"}}
[debug] [2022-04-20T08:09:28.038Z] [worker-asia-northeast3-twitchAuth-2fc0ab8c-a7ba-4428-81ab-7725aea9f0d9]: BUSY {"metadata":{"emulator":{"name":"functions"},"message":"[worker-asia-northeast3-twitchAuth-2fc0ab8c-a7ba-4428-81ab-7725aea9f0d9]: BUSY"}}
[debug] [2022-04-20T08:09:28.039Z] [runtime-status] [7928] Beginning invocation function twitchAuth! {"metadata":{"emulator":{"name":"functions"},"function":{"name":"asia-northeast3-twitchAuth"},"message":"[runtime-status] [7928] Beginning invocation function twitchAuth!"}}
[info] i  functions: Beginning execution of "twitchAuth" {"metadata":{"emulator":{"name":"functions"},"function":{"name":"asia-northeast3-twitchAuth"},"message":"Beginning execution of \"twitchAuth\""}}
[debug] [2022-04-20T08:09:28.051Z] [runtime-status] [7928] Running twitchAuth in signature http {"metadata":{"emulator":{"name":"functions"},"function":{"name":"asia-northeast3-twitchAuth"},"message":"[runtime-status] [7928] Running twitchAuth in signature http"}}
[debug] [2022-04-20T08:09:28.052Z] [runtime-status] [7928] Attempting to listen to socketPath: \\?\pipe\E:\Vue_Project\twitch-hot-clip-tracker\functions\7928 {"metadata":{"emulator":{"name":"functions"},"function":{"name":"asia-northeast3-twitchAuth"},"message":"[runtime-status] [7928] Attempting to listen to socketPath: \\\\?\\pipe\\E:\\Vue_Project\\twitch-hot-clip-tracker\\functions\\7928"}}
[debug] [2022-04-20T08:09:28.053Z] [functions] Runtime ready! Sending request! {"metadata":{"emulator":{"name":"functions"},"message":"[functions] Runtime ready! Sending request!"}}
[debug] [2022-04-20T08:09:28.054Z] [functions] Got req.url=/twitchhotclip/asia-northeast3/twitchAuth/signin/twitch/callback?code=9f981m0dfbga3sznl05pwpv2v4oebg&scope=openid+user%3Aread%3Aemail&state=d4eb28deece5c6a758a255dd7e0501a7, mapping to path=/signin/twitch/callback?code=9f981m0dfbga3sznl05pwpv2v4oebg&scope=openid+user%3Aread%3Aemail&state=d4eb28deece5c6a758a255dd7e0501a7 {"metadata":{"emulator":{"name":"functions"},"message":"[functions] Got req.url=/twitchhotclip/asia-northeast3/twitchAuth/signin/twitch/callback?code=9f981m0dfbga3sznl05pwpv2v4oebg&scope=openid+user%3Aread%3Aemail&state=d4eb28deece5c6a758a255dd7e0501a7, mapping to path=/signin/twitch/callback?code=9f981m0dfbga3sznl05pwpv2v4oebg&scope=openid+user%3Aread%3Aemail&state=d4eb28deece5c6a758a255dd7e0501a7"}}
[debug] [2022-04-20T08:09:28.056Z] [runtime-status] [7928] Ephemeral server handling GET request {"metadata":{"emulator":{"name":"functions"},"function":{"name":"asia-northeast3-twitchAuth"},"message":"[runtime-status] [7928] Ephemeral server handling GET request"}}
[debug] [2022-04-20T08:09:28.060Z] [runtime-status] [7928] Ephemeral server survived. {"metadata":{"emulator":{"name":"functions"},"function":{"name":"asia-northeast3-twitchAuth"},"message":"[runtime-status] [7928] Ephemeral server survived."}}
[info] i  functions: Finished "twitchAuth" in ~2s {"metadata":{"emulator":{"name":"functions"},"function":{"name":"asia-northeast3-twitchAuth"},"message":"Finished \"twitchAuth\" in ~2s"}}
[debug] [2022-04-20T08:09:30.145Z] [worker-asia-northeast3-twitchAuth-2fc0ab8c-a7ba-4428-81ab-7725aea9f0d9]: IDLE {"metadata":{"emulator":{"name":"functions"},"message":"[worker-asia-northeast3-twitchAuth-2fc0ab8c-a7ba-4428-81ab-7725aea9f0d9]: IDLE"}}
[debug] [2022-04-20T08:09:30.145Z] [work-queue] {"queueLength":0,"workRunningCount":0}
[debug] [2022-04-21T01:44:24.037Z] ----------------------------------------------------------------------
[debug] [2022-04-21T01:44:24.042Z] Command:       E:\NodeJs\node.exe C:\Users\Righteous\AppData\Roaming\npm\node_modules\firebase-tools\lib\bin\firebase.js emulators:start --only functions
[debug] [2022-04-21T01:44:24.043Z] CLI Version:   10.2.1
[debug] [2022-04-21T01:44:24.043Z] Platform:      win32
[debug] [2022-04-21T01:44:24.043Z] Node Version:  v14.17.3
[debug] [2022-04-21T01:44:24.047Z] Time:          Thu Apr 21 2022 10:44:24 GMT+0900 (대한민국 표준시)
[debug] [2022-04-21T01:44:24.048Z] ----------------------------------------------------------------------
[debug] 
[debug] [2022-04-21T01:44:24.238Z] > command requires scopes: ["email","openid","https://www.googleapis.com/auth/cloudplatformprojects.readonly","https://www.googleapis.com/auth/firebase","https://www.googleapis.com/auth/cloud-platform"]
[debug] [2022-04-21T01:44:24.238Z] > authorizing via signed-in user (revive0405@gmail.com)
[info] i  emulators: Starting emulators: functions {"metadata":{"emulator":{"name":"hub"},"message":"Starting emulators: functions"}}
[warn] !  emulators: It seems that you are running multiple instances of the emulator suite for project twitchhotclip. This may result in unexpected behavior. 
[debug] [2022-04-21T01:44:24.311Z] [hub] writing locator at C:\Users\RIGHTE~1\AppData\Local\Temp\hub-twitchhotclip.json
[warn] !  functions: The following emulators are not running, calls to these services from the Functions emulator will affect production: auth, firestore, database, hosting, pubsub, storage {"metadata":{"emulator":{"name":"functions"},"message":"The following emulators are not running, calls to these services from the Functions emulator will affect production: \u001b[1mauth, firestore, database, hosting, pubsub, storage\u001b[22m"}}
[info] +  functions: Using node@14 from host. {"metadata":{"emulator":{"name":"functions"},"message":"Using node@14 from host."}}
[debug] [2022-04-21T01:44:24.355Z] defaultcredentials: writing to file C:\Users\Righteous\AppData\Roaming\firebase\revive0405_gmail_com_application_default_credentials.json
[debug] [2022-04-21T01:44:24.357Z] Setting GAC to C:\Users\Righteous\AppData\Roaming\firebase\revive0405_gmail_com_application_default_credentials.json {"metadata":{"emulator":{"name":"functions"},"message":"Setting GAC to C:\\Users\\Righteous\\AppData\\Roaming\\firebase\\revive0405_gmail_com_application_default_credentials.json"}}
[debug] [2022-04-21T01:44:24.360Z] > refreshing access token with scopes: []
[debug] [2022-04-21T01:44:24.361Z] >>> HTTP REQUEST POST https://www.googleapis.com/oauth2/v3/token  
 <request body omitted>
[debug] [2022-04-21T01:44:24.587Z] <<< HTTP RESPONSE 200 {"cache-control":"no-cache, no-store, max-age=0, must-revalidate","expires":"Mon, 01 Jan 1990 00:00:00 GMT","date":"Thu, 21 Apr 2022 01:44:24 GMT","pragma":"no-cache","content-type":"application/json; charset=utf-8","vary":"X-Origin, Referer, Origin,Accept-Encoding","server":"scaffolding on HTTPServer2","x-xss-protection":"0","x-frame-options":"SAMEORIGIN","x-content-type-options":"nosniff","alt-svc":"h3=\":443\"; ma=2592000,h3-29=\":443\"; ma=2592000,h3-Q050=\":443\"; ma=2592000,h3-Q046=\":443\"; ma=2592000,h3-Q043=\":443\"; ma=2592000,quic=\":443\"; ma=2592000; v=\"46,43\"","accept-ranges":"none","transfer-encoding":"chunked"}
[debug] [2022-04-21T01:44:24.632Z] >>> [apiv2][query] GET https://firebase.googleapis.com/v1beta1/projects/twitchhotclip/adminSdkConfig [none]
[debug] [2022-04-21T01:44:25.021Z] <<< [apiv2][status] GET https://firebase.googleapis.com/v1beta1/projects/twitchhotclip/adminSdkConfig 200
[debug] [2022-04-21T01:44:25.021Z] <<< [apiv2][body] GET https://firebase.googleapis.com/v1beta1/projects/twitchhotclip/adminSdkConfig {"projectId":"twitchhotclip","databaseURL":"https://twitchhotclip-default-rtdb.asia-southeast1.firebasedatabase.app","storageBucket":"twitchhotclip.appspot.com","locationId":"asia-northeast3"}
[debug] [2022-04-21T01:44:25.052Z] Ignoring unsupported arg: auto_download {"metadata":{"emulator":{"name":"ui"},"message":"Ignoring unsupported arg: auto_download"}}
[debug] [2022-04-21T01:44:25.052Z] Ignoring unsupported arg: port {"metadata":{"emulator":{"name":"ui"},"message":"Ignoring unsupported arg: port"}}
[debug] [2022-04-21T01:44:25.052Z] Starting Emulator UI with command {"binary":"node","args":["C:\\Users\\Righteous\\.cache\\firebase\\emulators\\ui-v1.6.5\\server.bundle.js"],"optionalArgs":[],"joinArgs":false} {"metadata":{"emulator":{"name":"ui"},"message":"Starting Emulator UI with command {\"binary\":\"node\",\"args\":[\"C:\\\\Users\\\\Righteous\\\\.cache\\\\firebase\\\\emulators\\\\ui-v1.6.5\\\\server.bundle.js\"],\"optionalArgs\":[],\"joinArgs\":false}"}}
[info] i  ui: Emulator UI logging to ui-debug.log {"metadata":{"emulator":{"name":"ui"},"message":"Emulator UI logging to \u001b[1mui-debug.log\u001b[22m"}}
[debug] [2022-04-21T01:44:26.142Z] Web / API server started at localhost:4000
 {"metadata":{"emulator":{"name":"ui"},"message":"Web / API server started at localhost:4000\n"}}
[info] i  functions: Watching "E:\Vue_Project\twitch-hot-clip-tracker\functions" for Cloud Functions... {"metadata":{"emulator":{"name":"functions"},"message":"Watching \"E:\\Vue_Project\\twitch-hot-clip-tracker\\functions\" for Cloud Functions..."}}
[debug] [2022-04-21T01:44:26.321Z] Validating nodejs source
[debug] [2022-04-21T01:44:45.891Z] > [functions] package.json contents: {
  "name": "functions",
  "description": "Cloud Functions for Firebase",
  "scripts": {
    "serve": "firebase emulators:start --only functions",
    "shell": "firebase functions:shell",
    "start": "npm run shell",
    "deploy": "firebase deploy --only functions",
    "logs": "firebase functions:log"
  },
  "engines": {
    "node": "14"
  },
  "main": "index.js",
  "dependencies": {
    "axios": "^0.26.1",
    "firebase-admin": "^9.8.0",
    "firebase-functions": "^3.20.1"
  },
  "devDependencies": {
    "firebase-functions-test": "^0.2.0"
  },
  "private": true
}
[debug] [2022-04-21T01:44:45.892Z] Building nodejs source
[debug] [2022-04-21T01:44:45.892Z] Analyzing nodejs backend spec
